The system is: Darwin - 16.5.0 - x86_64
Compiling the C compiler identification source file "CMakeCCompilerId.c" succeeded.
Compiler:  
Build flags: 
Id flags: 

The output was:
0
2017-05-23 23:20:40.587 xcodebuild[14495:18021504] [MT] PluginLoading: Required plug-in compatibility UUID DFFB3951-EB0A-4C09-9DAC-5F2D28CC839C for plug-in at path '~/Library/Application Support/Developer/Shared/Xcode/Plug-ins/XVim.xcplugin' not present in DVTPlugInCompatibilityUUIDs
=== BUILD TARGET CompilerIdC OF PROJECT CompilerIdC WITH THE DEFAULT CONFIGURATION (Debug) ===

Check dependencies

Write auxiliary files
write-file /Users/kevinlu/Documents/Learning/Udacity-Self-Driving-CarND/Part\ 2/CarND-Kidnapped-Vehicle-Project-master/ide_profiles/xcode/CMakeFiles/3.0.2/CompilerIdC/CompilerIdC.build/Debug/CompilerIdC.build/CompilerIdC-project-headers.hmap
write-file /Users/kevinlu/Documents/Learning/Udacity-Self-Driving-CarND/Part\ 2/CarND-Kidnapped-Vehicle-Project-master/ide_profiles/xcode/CMakeFiles/3.0.2/CompilerIdC/CompilerIdC.build/Debug/CompilerIdC.build/Script-2C8FEB8E15DC1A1A00E56A5D.sh
chmod 0755 /Users/kevinlu/Documents/Learning/Udacity-Self-Driving-CarND/Part\ 2/CarND-Kidnapped-Vehicle-Project-master/ide_profiles/xcode/CMakeFiles/3.0.2/CompilerIdC/CompilerIdC.build/Debug/CompilerIdC.build/Script-2C8FEB8E15DC1A1A00E56A5D.sh
write-file /Users/kevinlu/Documents/Learning/Udacity-Self-Driving-CarND/Part\ 2/CarND-Kidnapped-Vehicle-Project-master/ide_profiles/xcode/CMakeFiles/3.0.2/CompilerIdC/CompilerIdC.build/Debug/CompilerIdC.build/CompilerIdC-generated-files.hmap
write-file /Users/kevinlu/Documents/Learning/Udacity-Self-Driving-CarND/Part\ 2/CarND-Kidnapped-Vehicle-Project-master/ide_profiles/xcode/CMakeFiles/3.0.2/CompilerIdC/CompilerIdC.build/Debug/CompilerIdC.build/CompilerIdC-all-non-framework-target-headers.hmap
write-file /Users/kevinlu/Documents/Learning/Udacity-Self-Driving-CarND/Part\ 2/CarND-Kidnapped-Vehicle-Project-master/ide_profiles/xcode/CMakeFiles/3.0.2/CompilerIdC/CompilerIdC.build/Debug/CompilerIdC.build/CompilerIdC-all-target-headers.hmap
write-file /Users/kevinlu/Documents/Learning/Udacity-Self-Driving-CarND/Part\ 2/CarND-Kidnapped-Vehicle-Project-master/ide_profiles/xcode/CMakeFiles/3.0.2/CompilerIdC/CompilerIdC.build/Debug/CompilerIdC.build/CompilerIdC-own-target-headers.hmap
write-file /Users/kevinlu/Documents/Learning/Udacity-Self-Driving-CarND/Part\ 2/CarND-Kidnapped-Vehicle-Project-master/ide_profiles/xcode/CMakeFiles/3.0.2/CompilerIdC/CompilerIdC.build/Debug/CompilerIdC.build/CompilerIdC.hmap
/bin/mkdir -p /Users/kevinlu/Documents/Learning/Udacity-Self-Driving-CarND/Part\ 2/CarND-Kidnapped-Vehicle-Project-master/ide_profiles/xcode/CMakeFiles/3.0.2/CompilerIdC/CompilerIdC.build/Debug/CompilerIdC.build/Objects-normal/i386
write-file /Users/kevinlu/Documents/Learning/Udacity-Self-Driving-CarND/Part\ 2/CarND-Kidnapped-Vehicle-Project-master/ide_profiles/xcode/CMakeFiles/3.0.2/CompilerIdC/CompilerIdC.build/Debug/CompilerIdC.build/Objects-normal/i386/CompilerIdC.LinkFileList

CompileC CompilerIdC.build/Debug/CompilerIdC.build/Objects-normal/i386/CMakeCCompilerId.o CMakeCCompilerId.c normal i386 c com.apple.compilers.llvm.clang.1_0.compiler
    cd "/Users/kevinlu/Documents/Learning/Udacity-Self-Driving-CarND/Part 2/CarND-Kidnapped-Vehicle-Project-master/ide_profiles/xcode/CMakeFiles/3.0.2/CompilerIdC"
    export LANG=en_US.US-ASCII
    /Applications/Xcode.app/Contents/Developer/Toolchains/XcodeDefault.xctoolchain/usr/bin/clang -x c -arch i386 -fmessage-length=0 -fdiagnostics-show-note-include-stack -fmacro-backtrace-limit=0 -Wno-trigraphs -fpascal-strings -Os -Wno-missing-field-initializers -Wno-missing-prototypes -Wno-return-type -Wno-missing-braces -Wparentheses -Wswitch -Wno-unused-function -Wno-unused-label -Wno-unused-parameter -Wno-unused-variable -Wunused-value -Wno-empty-body -Wno-uninitialized -Wno-unknown-pragmas -Wno-shadow -Wno-four-char-constants -Wno-conversion -Wno-constant-conversion -Wno-int-conversion -Wno-bool-conversion -Wno-enum-conversion -Wno-shorten-64-to-32 -Wpointer-sign -Wno-newline-eof -isysroot /Applications/Xcode.app/Contents/Developer/Platforms/MacOSX.platform/Developer/SDKs/MacOSX10.12.sdk -fasm-blocks -fstrict-aliasing -Wdeprecated-declarations -mmacosx-version-min=10.12 -g -fvisibility=hidden -Wno-sign-conversion -Wno-infinite-recursion -I/Users/kevinlu/Documents/Learning/Udacity-Self-Driving-CarND/Part\ 2/CarND-Kidnapped-Vehicle-Project-master/ide_profiles/xcode/CMakeFiles/3.0.2/CompilerIdC/CompilerIdC.build/Debug/CompilerIdC.build/CompilerIdC.hmap -I/Users/kevinlu/Documents/Learning/Udacity-Self-Driving-CarND/Part\ 2/CarND-Kidnapped-Vehicle-Project-master/ide_profiles/xcode/CMakeFiles/3.0.2/CompilerIdC/include -I/Users/kevinlu/Documents/Learning/Udacity-Self-Driving-CarND/Part\ 2/CarND-Kidnapped-Vehicle-Project-master/ide_profiles/xcode/CMakeFiles/3.0.2/CompilerIdC/CompilerIdC.build/Debug/CompilerIdC.build/DerivedSources/i386 -I/Users/kevinlu/Documents/Learning/Udacity-Self-Driving-CarND/Part\ 2/CarND-Kidnapped-Vehicle-Project-master/ide_profiles/xcode/CMakeFiles/3.0.2/CompilerIdC/CompilerIdC.build/Debug/CompilerIdC.build/DerivedSources -F/Users/kevinlu/Documents/Learning/Udacity-Self-Driving-CarND/Part\ 2/CarND-Kidnapped-Vehicle-Project-master/ide_profiles/xcode/CMakeFiles/3.0.2/CompilerIdC -MMD -MT dependencies -MF /Users/kevinlu/Documents/Learning/Udacity-Self-Driving-CarND/Part\ 2/CarND-Kidnapped-Vehicle-Project-master/ide_profiles/xcode/CMakeFiles/3.0.2/CompilerIdC/CompilerIdC.build/Debug/CompilerIdC.build/Objects-normal/i386/CMakeCCompilerId.d --serialize-diagnostics /Users/kevinlu/Documents/Learning/Udacity-Self-Driving-CarND/Part\ 2/CarND-Kidnapped-Vehicle-Project-master/ide_profiles/xcode/CMakeFiles/3.0.2/CompilerIdC/CompilerIdC.build/Debug/CompilerIdC.build/Objects-normal/i386/CMakeCCompilerId.dia -c /Users/kevinlu/Documents/Learning/Udacity-Self-Driving-CarND/Part\ 2/CarND-Kidnapped-Vehicle-Project-master/ide_profiles/xcode/CMakeFiles/3.0.2/CompilerIdC/CMakeCCompilerId.c -o /Users/kevinlu/Documents/Learning/Udacity-Self-Driving-CarND/Part\ 2/CarND-Kidnapped-Vehicle-Project-master/ide_profiles/xcode/CMakeFiles/3.0.2/CompilerIdC/CompilerIdC.build/Debug/CompilerIdC.build/Objects-normal/i386/CMakeCCompilerId.o

Ld CompilerIdC normal i386
    cd "/Users/kevinlu/Documents/Learning/Udacity-Self-Driving-CarND/Part 2/CarND-Kidnapped-Vehicle-Project-master/ide_profiles/xcode/CMakeFiles/3.0.2/CompilerIdC"
    export MACOSX_DEPLOYMENT_TARGET=10.12
    /Applications/Xcode.app/Contents/Developer/Toolchains/XcodeDefault.xctoolchain/usr/bin/clang -arch i386 -isysroot /Applications/Xcode.app/Contents/Developer/Platforms/MacOSX.platform/Developer/SDKs/MacOSX10.12.sdk -L/Users/kevinlu/Documents/Learning/Udacity-Self-Driving-CarND/Part\ 2/CarND-Kidnapped-Vehicle-Project-master/ide_profiles/xcode/CMakeFiles/3.0.2/CompilerIdC -F/Users/kevinlu/Documents/Learning/Udacity-Self-Driving-CarND/Part\ 2/CarND-Kidnapped-Vehicle-Project-master/ide_profiles/xcode/CMakeFiles/3.0.2/CompilerIdC -filelist /Users/kevinlu/Documents/Learning/Udacity-Self-Driving-CarND/Part\ 2/CarND-Kidnapped-Vehicle-Project-master/ide_profiles/xcode/CMakeFiles/3.0.2/CompilerIdC/CompilerIdC.build/Debug/CompilerIdC.build/Objects-normal/i386/CompilerIdC.LinkFileList -mmacosx-version-min=10.12 -Xlinker -object_path_lto -Xlinker /Users/kevinlu/Documents/Learning/Udacity-Self-Driving-CarND/Part\ 2/CarND-Kidnapped-Vehicle-Project-master/ide_profiles/xcode/CMakeFiles/3.0.2/CompilerIdC/CompilerIdC.build/Debug/CompilerIdC.build/Objects-normal/i386/CompilerIdC_lto.o -Xlinker -dependency_info -Xlinker /Users/kevinlu/Documents/Learning/Udacity-Self-Driving-CarND/Part\ 2/CarND-Kidnapped-Vehicle-Project-master/ide_profiles/xcode/CMakeFiles/3.0.2/CompilerIdC/CompilerIdC.build/Debug/CompilerIdC.build/Objects-normal/i386/CompilerIdC_dependency_info.dat -o /Users/kevinlu/Documents/Learning/Udacity-Self-Driving-CarND/Part\ 2/CarND-Kidnapped-Vehicle-Project-master/ide_profiles/xcode/CMakeFiles/3.0.2/CompilerIdC/CompilerIdC

PhaseScriptExecution Run\ Script CompilerIdC.build/Debug/CompilerIdC.build/Script-2C8FEB8E15DC1A1A00E56A5D.sh
    cd "/Users/kevinlu/Documents/Learning/Udacity-Self-Driving-CarND/Part 2/CarND-Kidnapped-Vehicle-Project-master/ide_profiles/xcode/CMakeFiles/3.0.2/CompilerIdC"
    /bin/sh -c \"/Users/kevinlu/Documents/Learning/Udacity-Self-Driving-CarND/Part\ 2/CarND-Kidnapped-Vehicle-Project-master/ide_profiles/xcode/CMakeFiles/3.0.2/CompilerIdC/CompilerIdC.build/Debug/CompilerIdC.build/Script-2C8FEB8E15DC1A1A00E56A5D.sh\"
GCC_VERSION=com.apple.compilers.llvm.clang.1_0

** BUILD SUCCEEDED **



Compilation of the C compiler identification source "CMakeCCompilerId.c" produced "CompilerIdC"

The C compiler identification is AppleClang, found in "/Users/kevinlu/Documents/Learning/Udacity-Self-Driving-CarND/Part 2/CarND-Kidnapped-Vehicle-Project-master/ide_profiles/xcode/CMakeFiles/3.0.2/CompilerIdC/CompilerIdC"

Compiling the CXX compiler identification source file "CMakeCXXCompilerId.cpp" succeeded.
Compiler:  
Build flags: 
Id flags: 

The output was:
0
2017-05-23 23:20:42.334 xcodebuild[14509:18021610] [MT] PluginLoading: Required plug-in compatibility UUID DFFB3951-EB0A-4C09-9DAC-5F2D28CC839C for plug-in at path '~/Library/Application Support/Developer/Shared/Xcode/Plug-ins/XVim.xcplugin' not present in DVTPlugInCompatibilityUUIDs
=== BUILD TARGET CompilerIdCXX OF PROJECT CompilerIdCXX WITH THE DEFAULT CONFIGURATION (Debug) ===

Check dependencies

Write auxiliary files
write-file /Users/kevinlu/Documents/Learning/Udacity-Self-Driving-CarND/Part\ 2/CarND-Kidnapped-Vehicle-Project-master/ide_profiles/xcode/CMakeFiles/3.0.2/CompilerIdCXX/CompilerIdCXX.build/Debug/CompilerIdCXX.build/CompilerIdCXX-own-target-headers.hmap
write-file /Users/kevinlu/Documents/Learning/Udacity-Self-Driving-CarND/Part\ 2/CarND-Kidnapped-Vehicle-Project-master/ide_profiles/xcode/CMakeFiles/3.0.2/CompilerIdCXX/CompilerIdCXX.build/Debug/CompilerIdCXX.build/CompilerIdCXX-project-headers.hmap
write-file /Users/kevinlu/Documents/Learning/Udacity-Self-Driving-CarND/Part\ 2/CarND-Kidnapped-Vehicle-Project-master/ide_profiles/xcode/CMakeFiles/3.0.2/CompilerIdCXX/CompilerIdCXX.build/Debug/CompilerIdCXX.build/Script-2C8FEB8E15DC1A1A00E56A5D.sh
chmod 0755 /Users/kevinlu/Documents/Learning/Udacity-Self-Driving-CarND/Part\ 2/CarND-Kidnapped-Vehicle-Project-master/ide_profiles/xcode/CMakeFiles/3.0.2/CompilerIdCXX/CompilerIdCXX.build/Debug/CompilerIdCXX.build/Script-2C8FEB8E15DC1A1A00E56A5D.sh
write-file /Users/kevinlu/Documents/Learning/Udacity-Self-Driving-CarND/Part\ 2/CarND-Kidnapped-Vehicle-Project-master/ide_profiles/xcode/CMakeFiles/3.0.2/CompilerIdCXX/CompilerIdCXX.build/Debug/CompilerIdCXX.build/CompilerIdCXX-all-non-framework-target-headers.hmap
/bin/mkdir -p /Users/kevinlu/Documents/Learning/Udacity-Self-Driving-CarND/Part\ 2/CarND-Kidnapped-Vehicle-Project-master/ide_profiles/xcode/CMakeFiles/3.0.2/CompilerIdCXX/CompilerIdCXX.build/Debug/CompilerIdCXX.build/Objects-normal/i386
write-file /Users/kevinlu/Documents/Learning/Udacity-Self-Driving-CarND/Part\ 2/CarND-Kidnapped-Vehicle-Project-master/ide_profiles/xcode/CMakeFiles/3.0.2/CompilerIdCXX/CompilerIdCXX.build/Debug/CompilerIdCXX.build/Objects-normal/i386/CompilerIdCXX.LinkFileList
write-file /Users/kevinlu/Documents/Learning/Udacity-Self-Driving-CarND/Part\ 2/CarND-Kidnapped-Vehicle-Project-master/ide_profiles/xcode/CMakeFiles/3.0.2/CompilerIdCXX/CompilerIdCXX.build/Debug/CompilerIdCXX.build/CompilerIdCXX.hmap
write-file /Users/kevinlu/Documents/Learning/Udacity-Self-Driving-CarND/Part\ 2/CarND-Kidnapped-Vehicle-Project-master/ide_profiles/xcode/CMakeFiles/3.0.2/CompilerIdCXX/CompilerIdCXX.build/Debug/CompilerIdCXX.build/CompilerIdCXX-all-target-headers.hmap
write-file /Users/kevinlu/Documents/Learning/Udacity-Self-Driving-CarND/Part\ 2/CarND-Kidnapped-Vehicle-Project-master/ide_profiles/xcode/CMakeFiles/3.0.2/CompilerIdCXX/CompilerIdCXX.build/Debug/CompilerIdCXX.build/CompilerIdCXX-generated-files.hmap

CompileC CompilerIdCXX.build/Debug/CompilerIdCXX.build/Objects-normal/i386/CMakeCXXCompilerId.o CMakeCXXCompilerId.cpp normal i386 c++ com.apple.compilers.llvm.clang.1_0.compiler
    cd "/Users/kevinlu/Documents/Learning/Udacity-Self-Driving-CarND/Part 2/CarND-Kidnapped-Vehicle-Project-master/ide_profiles/xcode/CMakeFiles/3.0.2/CompilerIdCXX"
    export LANG=en_US.US-ASCII
    /Applications/Xcode.app/Contents/Developer/Toolchains/XcodeDefault.xctoolchain/usr/bin/clang -x c++ -arch i386 -fmessage-length=0 -fdiagnostics-show-note-include-stack -fmacro-backtrace-limit=0 -Wno-trigraphs -fpascal-strings -Os -Wno-missing-field-initializers -Wno-missing-prototypes -Wno-return-type -Wno-non-virtual-dtor -Wno-overloaded-virtual -Wno-exit-time-destructors -Wno-missing-braces -Wparentheses -Wswitch -Wno-unused-function -Wno-unused-label -Wno-unused-parameter -Wno-unused-variable -Wunused-value -Wno-empty-body -Wno-uninitialized -Wno-unknown-pragmas -Wno-shadow -Wno-four-char-constants -Wno-conversion -Wno-constant-conversion -Wno-int-conversion -Wno-bool-conversion -Wno-enum-conversion -Wno-shorten-64-to-32 -Wno-newline-eof -Wno-c++11-extensions -isysroot /Applications/Xcode.app/Contents/Developer/Platforms/MacOSX.platform/Developer/SDKs/MacOSX10.12.sdk -fasm-blocks -fstrict-aliasing -Wdeprecated-declarations -Winvalid-offsetof -mmacosx-version-min=10.12 -g -fvisibility=hidden -fvisibility-inlines-hidden -Wno-sign-conversion -Wno-infinite-recursion -Wno-move -I/Users/kevinlu/Documents/Learning/Udacity-Self-Driving-CarND/Part\ 2/CarND-Kidnapped-Vehicle-Project-master/ide_profiles/xcode/CMakeFiles/3.0.2/CompilerIdCXX/CompilerIdCXX.build/Debug/CompilerIdCXX.build/CompilerIdCXX.hmap -I/Users/kevinlu/Documents/Learning/Udacity-Self-Driving-CarND/Part\ 2/CarND-Kidnapped-Vehicle-Project-master/ide_profiles/xcode/CMakeFiles/3.0.2/CompilerIdCXX/include -I/Users/kevinlu/Documents/Learning/Udacity-Self-Driving-CarND/Part\ 2/CarND-Kidnapped-Vehicle-Project-master/ide_profiles/xcode/CMakeFiles/3.0.2/CompilerIdCXX/CompilerIdCXX.build/Debug/CompilerIdCXX.build/DerivedSources/i386 -I/Users/kevinlu/Documents/Learning/Udacity-Self-Driving-CarND/Part\ 2/CarND-Kidnapped-Vehicle-Project-master/ide_profiles/xcode/CMakeFiles/3.0.2/CompilerIdCXX/CompilerIdCXX.build/Debug/CompilerIdCXX.build/DerivedSources -F/Users/kevinlu/Documents/Learning/Udacity-Self-Driving-CarND/Part\ 2/CarND-Kidnapped-Vehicle-Project-master/ide_profiles/xcode/CMakeFiles/3.0.2/CompilerIdCXX -MMD -MT dependencies -MF /Users/kevinlu/Documents/Learning/Udacity-Self-Driving-CarND/Part\ 2/CarND-Kidnapped-Vehicle-Project-master/ide_profiles/xcode/CMakeFiles/3.0.2/CompilerIdCXX/CompilerIdCXX.build/Debug/CompilerIdCXX.build/Objects-normal/i386/CMakeCXXCompilerId.d --serialize-diagnostics /Users/kevinlu/Documents/Learning/Udacity-Self-Driving-CarND/Part\ 2/CarND-Kidnapped-Vehicle-Project-master/ide_profiles/xcode/CMakeFiles/3.0.2/CompilerIdCXX/CompilerIdCXX.build/Debug/CompilerIdCXX.build/Objects-normal/i386/CMakeCXXCompilerId.dia -c /Users/kevinlu/Documents/Learning/Udacity-Self-Driving-CarND/Part\ 2/CarND-Kidnapped-Vehicle-Project-master/ide_profiles/xcode/CMakeFiles/3.0.2/CompilerIdCXX/CMakeCXXCompilerId.cpp -o /Users/kevinlu/Documents/Learning/Udacity-Self-Driving-CarND/Part\ 2/CarND-Kidnapped-Vehicle-Project-master/ide_profiles/xcode/CMakeFiles/3.0.2/CompilerIdCXX/CompilerIdCXX.build/Debug/CompilerIdCXX.build/Objects-normal/i386/CMakeCXXCompilerId.o

Ld CompilerIdCXX normal i386
    cd "/Users/kevinlu/Documents/Learning/Udacity-Self-Driving-CarND/Part 2/CarND-Kidnapped-Vehicle-Project-master/ide_profiles/xcode/CMakeFiles/3.0.2/CompilerIdCXX"
    export MACOSX_DEPLOYMENT_TARGET=10.12
    /Applications/Xcode.app/Contents/Developer/Toolchains/XcodeDefault.xctoolchain/usr/bin/clang++ -arch i386 -isysroot /Applications/Xcode.app/Contents/Developer/Platforms/MacOSX.platform/Developer/SDKs/MacOSX10.12.sdk -L/Users/kevinlu/Documents/Learning/Udacity-Self-Driving-CarND/Part\ 2/CarND-Kidnapped-Vehicle-Project-master/ide_profiles/xcode/CMakeFiles/3.0.2/CompilerIdCXX -F/Users/kevinlu/Documents/Learning/Udacity-Self-Driving-CarND/Part\ 2/CarND-Kidnapped-Vehicle-Project-master/ide_profiles/xcode/CMakeFiles/3.0.2/CompilerIdCXX -filelist /Users/kevinlu/Documents/Learning/Udacity-Self-Driving-CarND/Part\ 2/CarND-Kidnapped-Vehicle-Project-master/ide_profiles/xcode/CMakeFiles/3.0.2/CompilerIdCXX/CompilerIdCXX.build/Debug/CompilerIdCXX.build/Objects-normal/i386/CompilerIdCXX.LinkFileList -mmacosx-version-min=10.12 -Xlinker -object_path_lto -Xlinker /Users/kevinlu/Documents/Learning/Udacity-Self-Driving-CarND/Part\ 2/CarND-Kidnapped-Vehicle-Project-master/ide_profiles/xcode/CMakeFiles/3.0.2/CompilerIdCXX/CompilerIdCXX.build/Debug/CompilerIdCXX.build/Objects-normal/i386/CompilerIdCXX_lto.o -Xlinker -dependency_info -Xlinker /Users/kevinlu/Documents/Learning/Udacity-Self-Driving-CarND/Part\ 2/CarND-Kidnapped-Vehicle-Project-master/ide_profiles/xcode/CMakeFiles/3.0.2/CompilerIdCXX/CompilerIdCXX.build/Debug/CompilerIdCXX.build/Objects-normal/i386/CompilerIdCXX_dependency_info.dat -o /Users/kevinlu/Documents/Learning/Udacity-Self-Driving-CarND/Part\ 2/CarND-Kidnapped-Vehicle-Project-master/ide_profiles/xcode/CMakeFiles/3.0.2/CompilerIdCXX/CompilerIdCXX

PhaseScriptExecution Run\ Script CompilerIdCXX.build/Debug/CompilerIdCXX.build/Script-2C8FEB8E15DC1A1A00E56A5D.sh
    cd "/Users/kevinlu/Documents/Learning/Udacity-Self-Driving-CarND/Part 2/CarND-Kidnapped-Vehicle-Project-master/ide_profiles/xcode/CMakeFiles/3.0.2/CompilerIdCXX"
    /bin/sh -c \"/Users/kevinlu/Documents/Learning/Udacity-Self-Driving-CarND/Part\ 2/CarND-Kidnapped-Vehicle-Project-master/ide_profiles/xcode/CMakeFiles/3.0.2/CompilerIdCXX/CompilerIdCXX.build/Debug/CompilerIdCXX.build/Script-2C8FEB8E15DC1A1A00E56A5D.sh\"
GCC_VERSION=com.apple.compilers.llvm.clang.1_0

** BUILD SUCCEEDED **



Compilation of the CXX compiler identification source "CMakeCXXCompilerId.cpp" produced "CompilerIdCXX"

The CXX compiler identification is AppleClang, found in "/Users/kevinlu/Documents/Learning/Udacity-Self-Driving-CarND/Part 2/CarND-Kidnapped-Vehicle-Project-master/ide_profiles/xcode/CMakeFiles/3.0.2/CompilerIdCXX/CompilerIdCXX"

Determining if the C compiler works passed with the following output:
Change Dir: /Users/kevinlu/Documents/Learning/Udacity-Self-Driving-CarND/Part 2/CarND-Kidnapped-Vehicle-Project-master/ide_profiles/xcode/CMakeFiles/CMakeTmp

Run Build Command:"/usr/local/bin/cmakexbuild" "-project" "CMAKE_TRY_COMPILE.xcodeproj" "build" "-target" "cmTryCompileExec4153013403" "-configuration" "Debug"
2017-05-23 23:20:43.303 xcodebuild[14528:18021691] [MT] PluginLoading: Required plug-in compatibility UUID DFFB3951-EB0A-4C09-9DAC-5F2D28CC839C for plug-in at path '~/Library/Application Support/Developer/Shared/Xcode/Plug-ins/XVim.xcplugin' not present in DVTPlugInCompatibilityUUIDs
=== BUILD TARGET cmTryCompileExec4153013403 OF PROJECT CMAKE_TRY_COMPILE WITH CONFIGURATION Debug ===

Check dependencies

Write auxiliary files
/bin/mkdir -p /Users/kevinlu/Documents/Learning/Udacity-Self-Driving-CarND/Part\ 2/CarND-Kidnapped-Vehicle-Project-master/ide_profiles/xcode/CMakeFiles/CMakeTmp/CMAKE_TRY_COMPILE.build/Debug/cmTryCompileExec4153013403.build/Objects-normal/x86_64
write-file /Users/kevinlu/Documents/Learning/Udacity-Self-Driving-CarND/Part\ 2/CarND-Kidnapped-Vehicle-Project-master/ide_profiles/xcode/CMakeFiles/CMakeTmp/CMAKE_TRY_COMPILE.build/Debug/cmTryCompileExec4153013403.build/Objects-normal/x86_64/cmTryCompileExec4153013403.LinkFileList

CompileC CMAKE_TRY_COMPILE.build/Debug/cmTryCompileExec4153013403.build/Objects-normal/x86_64/testCCompiler.o testCCompiler.c normal x86_64 c com.apple.compilers.llvm.clang.1_0.compiler
    cd "/Users/kevinlu/Documents/Learning/Udacity-Self-Driving-CarND/Part 2/CarND-Kidnapped-Vehicle-Project-master/ide_profiles/xcode/CMakeFiles/CMakeTmp"
    export LANG=en_US.US-ASCII
    /Applications/Xcode.app/Contents/Developer/Toolchains/XcodeDefault.xctoolchain/usr/bin/clang -x c -arch x86_64 -fmessage-length=0 -fdiagnostics-show-note-include-stack -fmacro-backtrace-limit=0 -Wno-trigraphs -fpascal-strings -O0 -Wno-missing-field-initializers -Wno-missing-prototypes -Wno-return-type -Wno-missing-braces -Wparentheses -Wswitch -Wno-unused-function -Wno-unused-label -Wno-unused-parameter -Wno-unused-variable -Wunused-value -Wno-empty-body -Wno-uninitialized -Wno-unknown-pragmas -Wno-shadow -Wno-four-char-constants -Wno-conversion -Wno-constant-conversion -Wno-int-conversion -Wno-bool-conversion -Wno-enum-conversion -Wno-shorten-64-to-32 -Wpointer-sign -Wno-newline-eof -DCMAKE_INTDIR=\"Debug\" -isysroot /Applications/Xcode.app/Contents/Developer/Platforms/MacOSX.platform/Developer/SDKs/MacOSX10.12.sdk -fasm-blocks -fstrict-aliasing -Wdeprecated-declarations -mmacosx-version-min=10.12 -g -Wno-sign-conversion -Wno-infinite-recursion -I/Users/kevinlu/Documents/Learning/Udacity-Self-Driving-CarND/Part\ 2/CarND-Kidnapped-Vehicle-Project-master/ide_profiles/xcode/CMakeFiles/CMakeTmp/Debug/include -I/Users/kevinlu/Documents/Learning/Udacity-Self-Driving-CarND/Part\ 2/CarND-Kidnapped-Vehicle-Project-master/ide_profiles/xcode/CMakeFiles/CMakeTmp/CMAKE_TRY_COMPILE.build/Debug/cmTryCompileExec4153013403.build/DerivedSources/x86_64 -I/Users/kevinlu/Documents/Learning/Udacity-Self-Driving-CarND/Part\ 2/CarND-Kidnapped-Vehicle-Project-master/ide_profiles/xcode/CMakeFiles/CMakeTmp/CMAKE_TRY_COMPILE.build/Debug/cmTryCompileExec4153013403.build/DerivedSources -Wmost -Wno-four-char-constants -Wno-unknown-pragmas -F/Users/kevinlu/Documents/Learning/Udacity-Self-Driving-CarND/Part\ 2/CarND-Kidnapped-Vehicle-Project-master/ide_profiles/xcode/CMakeFiles/CMakeTmp/Debug -MMD -MT dependencies -MF /Users/kevinlu/Documents/Learning/Udacity-Self-Driving-CarND/Part\ 2/CarND-Kidnapped-Vehicle-Project-master/ide_profiles/xcode/CMakeFiles/CMakeTmp/CMAKE_TRY_COMPILE.build/Debug/cmTryCompileExec4153013403.build/Objects-normal/x86_64/testCCompiler.d --serialize-diagnostics /Users/kevinlu/Documents/Learning/Udacity-Self-Driving-CarND/Part\ 2/CarND-Kidnapped-Vehicle-Project-master/ide_profiles/xcode/CMakeFiles/CMakeTmp/CMAKE_TRY_COMPILE.build/Debug/cmTryCompileExec4153013403.build/Objects-normal/x86_64/testCCompiler.dia -c /Users/kevinlu/Documents/Learning/Udacity-Self-Driving-CarND/Part\ 2/CarND-Kidnapped-Vehicle-Project-master/ide_profiles/xcode/CMakeFiles/CMakeTmp/testCCompiler.c -o /Users/kevinlu/Documents/Learning/Udacity-Self-Driving-CarND/Part\ 2/CarND-Kidnapped-Vehicle-Project-master/ide_profiles/xcode/CMakeFiles/CMakeTmp/CMAKE_TRY_COMPILE.build/Debug/cmTryCompileExec4153013403.build/Objects-normal/x86_64/testCCompiler.o

Ld Debug/cmTryCompileExec4153013403 normal x86_64
    cd "/Users/kevinlu/Documents/Learning/Udacity-Self-Driving-CarND/Part 2/CarND-Kidnapped-Vehicle-Project-master/ide_profiles/xcode/CMakeFiles/CMakeTmp"
    export MACOSX_DEPLOYMENT_TARGET=10.12
    /Applications/Xcode.app/Contents/Developer/Toolchains/XcodeDefault.xctoolchain/usr/bin/clang -arch x86_64 -isysroot /Applications/Xcode.app/Contents/Developer/Platforms/MacOSX.platform/Developer/SDKs/MacOSX10.12.sdk -L/Users/kevinlu/Documents/Learning/Udacity-Self-Driving-CarND/Part\ 2/CarND-Kidnapped-Vehicle-Project-master/ide_profiles/xcode/CMakeFiles/CMakeTmp/Debug -F/Users/kevinlu/Documents/Learning/Udacity-Self-Driving-CarND/Part\ 2/CarND-Kidnapped-Vehicle-Project-master/ide_profiles/xcode/CMakeFiles/CMakeTmp/Debug -filelist /Users/kevinlu/Documents/Learning/Udacity-Self-Driving-CarND/Part\ 2/CarND-Kidnapped-Vehicle-Project-master/ide_profiles/xcode/CMakeFiles/CMakeTmp/CMAKE_TRY_COMPILE.build/Debug/cmTryCompileExec4153013403.build/Objects-normal/x86_64/cmTryCompileExec4153013403.LinkFileList -mmacosx-version-min=10.12 -Xlinker -object_path_lto -Xlinker /Users/kevinlu/Documents/Learning/Udacity-Self-Driving-CarND/Part\ 2/CarND-Kidnapped-Vehicle-Project-master/ide_profiles/xcode/CMakeFiles/CMakeTmp/CMAKE_TRY_COMPILE.build/Debug/cmTryCompileExec4153013403.build/Objects-normal/x86_64/cmTryCompileExec4153013403_lto.o -Xlinker -no_deduplicate -Wl,-search_paths_first -Wl,-headerpad_max_install_names -Xlinker -dependency_info -Xlinker /Users/kevinlu/Documents/Learning/Udacity-Self-Driving-CarND/Part\ 2/CarND-Kidnapped-Vehicle-Project-master/ide_profiles/xcode/CMakeFiles/CMakeTmp/CMAKE_TRY_COMPILE.build/Debug/cmTryCompileExec4153013403.build/Objects-normal/x86_64/cmTryCompileExec4153013403_dependency_info.dat -o /Users/kevinlu/Documents/Learning/Udacity-Self-Driving-CarND/Part\ 2/CarND-Kidnapped-Vehicle-Project-master/ide_profiles/xcode/CMakeFiles/CMakeTmp/Debug/cmTryCompileExec4153013403

** BUILD SUCCEEDED **



Detecting C compiler ABI info compiled with the following output:
Change Dir: /Users/kevinlu/Documents/Learning/Udacity-Self-Driving-CarND/Part 2/CarND-Kidnapped-Vehicle-Project-master/ide_profiles/xcode/CMakeFiles/CMakeTmp

Run Build Command:"/usr/local/bin/cmakexbuild" "-project" "CMAKE_TRY_COMPILE.xcodeproj" "build" "-target" "cmTryCompileExec3726697492" "-configuration" "Debug"
2017-05-23 23:20:44.111 xcodebuild[14544:18021761] [MT] PluginLoading: Required plug-in compatibility UUID DFFB3951-EB0A-4C09-9DAC-5F2D28CC839C for plug-in at path '~/Library/Application Support/Developer/Shared/Xcode/Plug-ins/XVim.xcplugin' not present in DVTPlugInCompatibilityUUIDs
=== BUILD TARGET cmTryCompileExec3726697492 OF PROJECT CMAKE_TRY_COMPILE WITH CONFIGURATION Debug ===

Check dependencies

Write auxiliary files
/bin/mkdir -p /Users/kevinlu/Documents/Learning/Udacity-Self-Driving-CarND/Part\ 2/CarND-Kidnapped-Vehicle-Project-master/ide_profiles/xcode/CMakeFiles/CMakeTmp/CMAKE_TRY_COMPILE.build/Debug/cmTryCompileExec3726697492.build/Objects-normal/x86_64
write-file /Users/kevinlu/Documents/Learning/Udacity-Self-Driving-CarND/Part\ 2/CarND-Kidnapped-Vehicle-Project-master/ide_profiles/xcode/CMakeFiles/CMakeTmp/CMAKE_TRY_COMPILE.build/Debug/cmTryCompileExec3726697492.build/Objects-normal/x86_64/cmTryCompileExec3726697492.LinkFileList

CompileC CMAKE_TRY_COMPILE.build/Debug/cmTryCompileExec3726697492.build/Objects-normal/x86_64/CMakeCCompilerABI.o /usr/local/share/cmake-3.0/Modules/CMakeCCompilerABI.c normal x86_64 c com.apple.compilers.llvm.clang.1_0.compiler
    cd "/Users/kevinlu/Documents/Learning/Udacity-Self-Driving-CarND/Part 2/CarND-Kidnapped-Vehicle-Project-master/ide_profiles/xcode/CMakeFiles/CMakeTmp"
    export LANG=en_US.US-ASCII
    /Applications/Xcode.app/Contents/Developer/Toolchains/XcodeDefault.xctoolchain/usr/bin/clang -x c -arch x86_64 -fmessage-length=0 -fdiagnostics-show-note-include-stack -fmacro-backtrace-limit=0 -Wno-trigraphs -fpascal-strings -O0 -Wno-missing-field-initializers -Wno-missing-prototypes -Wno-return-type -Wno-missing-braces -Wparentheses -Wswitch -Wno-unused-function -Wno-unused-label -Wno-unused-parameter -Wno-unused-variable -Wunused-value -Wno-empty-body -Wno-uninitialized -Wno-unknown-pragmas -Wno-shadow -Wno-four-char-constants -Wno-conversion -Wno-constant-conversion -Wno-int-conversion -Wno-bool-conversion -Wno-enum-conversion -Wno-shorten-64-to-32 -Wpointer-sign -Wno-newline-eof -DCMAKE_INTDIR=\"Debug\" -isysroot /Applications/Xcode.app/Contents/Developer/Platforms/MacOSX.platform/Developer/SDKs/MacOSX10.12.sdk -fasm-blocks -fstrict-aliasing -Wdeprecated-declarations -mmacosx-version-min=10.12 -g -Wno-sign-conversion -Wno-infinite-recursion -I/Users/kevinlu/Documents/Learning/Udacity-Self-Driving-CarND/Part\ 2/CarND-Kidnapped-Vehicle-Project-master/ide_profiles/xcode/CMakeFiles/CMakeTmp/Debug/include -I/Users/kevinlu/Documents/Learning/Udacity-Self-Driving-CarND/Part\ 2/CarND-Kidnapped-Vehicle-Project-master/ide_profiles/xcode/CMakeFiles/CMakeTmp/CMAKE_TRY_COMPILE.build/Debug/cmTryCompileExec3726697492.build/DerivedSources/x86_64 -I/Users/kevinlu/Documents/Learning/Udacity-Self-Driving-CarND/Part\ 2/CarND-Kidnapped-Vehicle-Project-master/ide_profiles/xcode/CMakeFiles/CMakeTmp/CMAKE_TRY_COMPILE.build/Debug/cmTryCompileExec3726697492.build/DerivedSources -Wmost -Wno-four-char-constants -Wno-unknown-pragmas -F/Users/kevinlu/Documents/Learning/Udacity-Self-Driving-CarND/Part\ 2/CarND-Kidnapped-Vehicle-Project-master/ide_profiles/xcode/CMakeFiles/CMakeTmp/Debug -MMD -MT dependencies -MF /Users/kevinlu/Documents/Learning/Udacity-Self-Driving-CarND/Part\ 2/CarND-Kidnapped-Vehicle-Project-master/ide_profiles/xcode/CMakeFiles/CMakeTmp/CMAKE_TRY_COMPILE.build/Debug/cmTryCompileExec3726697492.build/Objects-normal/x86_64/CMakeCCompilerABI.d --serialize-diagnostics /Users/kevinlu/Documents/Learning/Udacity-Self-Driving-CarND/Part\ 2/CarND-Kidnapped-Vehicle-Project-master/ide_profiles/xcode/CMakeFiles/CMakeTmp/CMAKE_TRY_COMPILE.build/Debug/cmTryCompileExec3726697492.build/Objects-normal/x86_64/CMakeCCompilerABI.dia -c /usr/local/share/cmake-3.0/Modules/CMakeCCompilerABI.c -o /Users/kevinlu/Documents/Learning/Udacity-Self-Driving-CarND/Part\ 2/CarND-Kidnapped-Vehicle-Project-master/ide_profiles/xcode/CMakeFiles/CMakeTmp/CMAKE_TRY_COMPILE.build/Debug/cmTryCompileExec3726697492.build/Objects-normal/x86_64/CMakeCCompilerABI.o

Ld Debug/cmTryCompileExec3726697492 normal x86_64
    cd "/Users/kevinlu/Documents/Learning/Udacity-Self-Driving-CarND/Part 2/CarND-Kidnapped-Vehicle-Project-master/ide_profiles/xcode/CMakeFiles/CMakeTmp"
    export MACOSX_DEPLOYMENT_TARGET=10.12
    /Applications/Xcode.app/Contents/Developer/Toolchains/XcodeDefault.xctoolchain/usr/bin/clang -arch x86_64 -isysroot /Applications/Xcode.app/Contents/Developer/Platforms/MacOSX.platform/Developer/SDKs/MacOSX10.12.sdk -L/Users/kevinlu/Documents/Learning/Udacity-Self-Driving-CarND/Part\ 2/CarND-Kidnapped-Vehicle-Project-master/ide_profiles/xcode/CMakeFiles/CMakeTmp/Debug -F/Users/kevinlu/Documents/Learning/Udacity-Self-Driving-CarND/Part\ 2/CarND-Kidnapped-Vehicle-Project-master/ide_profiles/xcode/CMakeFiles/CMakeTmp/Debug -filelist /Users/kevinlu/Documents/Learning/Udacity-Self-Driving-CarND/Part\ 2/CarND-Kidnapped-Vehicle-Project-master/ide_profiles/xcode/CMakeFiles/CMakeTmp/CMAKE_TRY_COMPILE.build/Debug/cmTryCompileExec3726697492.build/Objects-normal/x86_64/cmTryCompileExec3726697492.LinkFileList -mmacosx-version-min=10.12 -Xlinker -object_path_lto -Xlinker /Users/kevinlu/Documents/Learning/Udacity-Self-Driving-CarND/Part\ 2/CarND-Kidnapped-Vehicle-Project-master/ide_profiles/xcode/CMakeFiles/CMakeTmp/CMAKE_TRY_COMPILE.build/Debug/cmTryCompileExec3726697492.build/Objects-normal/x86_64/cmTryCompileExec3726697492_lto.o -Xlinker -no_deduplicate -v -Wl,-v -Wl,-search_paths_first -Wl,-headerpad_max_install_names -Xlinker -dependency_info -Xlinker /Users/kevinlu/Documents/Learning/Udacity-Self-Driving-CarND/Part\ 2/CarND-Kidnapped-Vehicle-Project-master/ide_profiles/xcode/CMakeFiles/CMakeTmp/CMAKE_TRY_COMPILE.build/Debug/cmTryCompileExec3726697492.build/Objects-normal/x86_64/cmTryCompileExec3726697492_dependency_info.dat -o /Users/kevinlu/Documents/Learning/Udacity-Self-Driving-CarND/Part\ 2/CarND-Kidnapped-Vehicle-Project-master/ide_profiles/xcode/CMakeFiles/CMakeTmp/Debug/cmTryCompileExec3726697492
Apple LLVM version 8.1.0 (clang-802.0.42)
Target: x86_64-apple-darwin16.5.0
Thread model: posix
InstalledDir: /Applications/Xcode.app/Contents/Developer/Toolchains/XcodeDefault.xctoolchain/usr/bin
 "/Applications/Xcode.app/Contents/Developer/Toolchains/XcodeDefault.xctoolchain/usr/bin/ld" -demangle -lto_library /Applications/Xcode.app/Contents/Developer/Toolchains/XcodeDefault.xctoolchain/usr/lib/libLTO.dylib -dynamic -arch x86_64 -macosx_version_min 10.12.0 -syslibroot /Applications/Xcode.app/Contents/Developer/Platforms/MacOSX.platform/Developer/SDKs/MacOSX10.12.sdk -o /Users/kevinlu/Documents/Learning/Udacity-Self-Driving-CarND/Part 2/CarND-Kidnapped-Vehicle-Project-master/ide_profiles/xcode/CMakeFiles/CMakeTmp/Debug/cmTryCompileExec3726697492 -L/Users/kevinlu/Documents/Learning/Udacity-Self-Driving-CarND/Part 2/CarND-Kidnapped-Vehicle-Project-master/ide_profiles/xcode/CMakeFiles/CMakeTmp/Debug -filelist /Users/kevinlu/Documents/Learning/Udacity-Self-Driving-CarND/Part 2/CarND-Kidnapped-Vehicle-Project-master/ide_profiles/xcode/CMakeFiles/CMakeTmp/CMAKE_TRY_COMPILE.build/Debug/cmTryCompileExec3726697492.build/Objects-normal/x86_64/cmTryCompileExec3726697492.LinkFileList -object_path_lto /Users/kevinlu/Documents/Learning/Udacity-Self-Driving-CarND/Part 2/CarND-Kidnapped-Vehicle-Project-master/ide_profiles/xcode/CMakeFiles/CMakeTmp/CMAKE_TRY_COMPILE.build/Debug/cmTryCompileExec3726697492.build/Objects-normal/x86_64/cmTryCompileExec3726697492_lto.o -no_deduplicate -v -search_paths_first -headerpad_max_install_names -dependency_info /Users/kevinlu/Documents/Learning/Udacity-Self-Driving-CarND/Part 2/CarND-Kidnapped-Vehicle-Project-master/ide_profiles/xcode/CMakeFiles/CMakeTmp/CMAKE_TRY_COMPILE.build/Debug/cmTryCompileExec3726697492.build/Objects-normal/x86_64/cmTryCompileExec3726697492_dependency_info.dat -lSystem /Applications/Xcode.app/Contents/Developer/Toolchains/XcodeDefault.xctoolchain/usr/bin/../lib/clang/8.1.0/lib/darwin/libclang_rt.osx.a -F/Users/kevinlu/Documents/Learning/Udacity-Self-Driving-CarND/Part 2/CarND-Kidnapped-Vehicle-Project-master/ide_profiles/xcode/CMakeFiles/CMakeTmp/Debug
@(#)PROGRAM:ld  PROJECT:ld64-278.4
configured to support archs: armv6 armv7 armv7s arm64 i386 x86_64 x86_64h armv6m armv7k armv7m armv7em (tvOS)
Library search paths:
	/Users/kevinlu/Documents/Learning/Udacity-Self-Driving-CarND/Part 2/CarND-Kidnapped-Vehicle-Project-master/ide_profiles/xcode/CMakeFiles/CMakeTmp/Debug
	/Applications/Xcode.app/Contents/Developer/Platforms/MacOSX.platform/Developer/SDKs/MacOSX10.12.sdk/usr/lib
Framework search paths:
	/Users/kevinlu/Documents/Learning/Udacity-Self-Driving-CarND/Part 2/CarND-Kidnapped-Vehicle-Project-master/ide_profiles/xcode/CMakeFiles/CMakeTmp/Debug
	/Applications/Xcode.app/Contents/Developer/Platforms/MacOSX.platform/Developer/SDKs/MacOSX10.12.sdk/System/Library/Frameworks/

** BUILD SUCCEEDED **



Parsed C implicit link information from above output:
  link line regex: [^( *|.*[/\])(ld|([^/\]+-)?ld|collect2)[^/\]*( |$)]
  ignore line: [Change Dir: /Users/kevinlu/Documents/Learning/Udacity-Self-Driving-CarND/Part 2/CarND-Kidnapped-Vehicle-Project-master/ide_profiles/xcode/CMakeFiles/CMakeTmp]
  ignore line: []
  ignore line: [Run Build Command:"/usr/local/bin/cmakexbuild" "-project" "CMAKE_TRY_COMPILE.xcodeproj" "build" "-target" "cmTryCompileExec3726697492" "-configuration" "Debug"]
  ignore line: [2017-05-23 23:20:44.111 xcodebuild[14544:18021761] [MT] PluginLoading: Required plug-in compatibility UUID DFFB3951-EB0A-4C09-9DAC-5F2D28CC839C for plug-in at path '~/Library/Application Support/Developer/Shared/Xcode/Plug-ins/XVim.xcplugin' not present in DVTPlugInCompatibilityUUIDs]
  ignore line: [=== BUILD TARGET cmTryCompileExec3726697492 OF PROJECT CMAKE_TRY_COMPILE WITH CONFIGURATION Debug ===]
  ignore line: []
  ignore line: [Check dependencies]
  ignore line: []
  ignore line: [Write auxiliary files]
  ignore line: [/bin/mkdir -p /Users/kevinlu/Documents/Learning/Udacity-Self-Driving-CarND/Part\ 2/CarND-Kidnapped-Vehicle-Project-master/ide_profiles/xcode/CMakeFiles/CMakeTmp/CMAKE_TRY_COMPILE.build/Debug/cmTryCompileExec3726697492.build/Objects-normal/x86_64]
  ignore line: [write-file /Users/kevinlu/Documents/Learning/Udacity-Self-Driving-CarND/Part\ 2/CarND-Kidnapped-Vehicle-Project-master/ide_profiles/xcode/CMakeFiles/CMakeTmp/CMAKE_TRY_COMPILE.build/Debug/cmTryCompileExec3726697492.build/Objects-normal/x86_64/cmTryCompileExec3726697492.LinkFileList]
  ignore line: []
  ignore line: [CompileC CMAKE_TRY_COMPILE.build/Debug/cmTryCompileExec3726697492.build/Objects-normal/x86_64/CMakeCCompilerABI.o /usr/local/share/cmake-3.0/Modules/CMakeCCompilerABI.c normal x86_64 c com.apple.compilers.llvm.clang.1_0.compiler]
  ignore line: [    cd "/Users/kevinlu/Documents/Learning/Udacity-Self-Driving-CarND/Part 2/CarND-Kidnapped-Vehicle-Project-master/ide_profiles/xcode/CMakeFiles/CMakeTmp"]
  ignore line: [    export LANG=en_US.US-ASCII]
  ignore line: [    /Applications/Xcode.app/Contents/Developer/Toolchains/XcodeDefault.xctoolchain/usr/bin/clang -x c -arch x86_64 -fmessage-length=0 -fdiagnostics-show-note-include-stack -fmacro-backtrace-limit=0 -Wno-trigraphs -fpascal-strings -O0 -Wno-missing-field-initializers -Wno-missing-prototypes -Wno-return-type -Wno-missing-braces -Wparentheses -Wswitch -Wno-unused-function -Wno-unused-label -Wno-unused-parameter -Wno-unused-variable -Wunused-value -Wno-empty-body -Wno-uninitialized -Wno-unknown-pragmas -Wno-shadow -Wno-four-char-constants -Wno-conversion -Wno-constant-conversion -Wno-int-conversion -Wno-bool-conversion -Wno-enum-conversion -Wno-shorten-64-to-32 -Wpointer-sign -Wno-newline-eof -DCMAKE_INTDIR=\"Debug\" -isysroot /Applications/Xcode.app/Contents/Developer/Platforms/MacOSX.platform/Developer/SDKs/MacOSX10.12.sdk -fasm-blocks -fstrict-aliasing -Wdeprecated-declarations -mmacosx-version-min=10.12 -g -Wno-sign-conversion -Wno-infinite-recursion -I/Users/kevinlu/Documents/Learning/Udacity-Self-Driving-CarND/Part\ 2/CarND-Kidnapped-Vehicle-Project-master/ide_profiles/xcode/CMakeFiles/CMakeTmp/Debug/include -I/Users/kevinlu/Documents/Learning/Udacity-Self-Driving-CarND/Part\ 2/CarND-Kidnapped-Vehicle-Project-master/ide_profiles/xcode/CMakeFiles/CMakeTmp/CMAKE_TRY_COMPILE.build/Debug/cmTryCompileExec3726697492.build/DerivedSources/x86_64 -I/Users/kevinlu/Documents/Learning/Udacity-Self-Driving-CarND/Part\ 2/CarND-Kidnapped-Vehicle-Project-master/ide_profiles/xcode/CMakeFiles/CMakeTmp/CMAKE_TRY_COMPILE.build/Debug/cmTryCompileExec3726697492.build/DerivedSources -Wmost -Wno-four-char-constants -Wno-unknown-pragmas -F/Users/kevinlu/Documents/Learning/Udacity-Self-Driving-CarND/Part\ 2/CarND-Kidnapped-Vehicle-Project-master/ide_profiles/xcode/CMakeFiles/CMakeTmp/Debug -MMD -MT dependencies -MF /Users/kevinlu/Documents/Learning/Udacity-Self-Driving-CarND/Part\ 2/CarND-Kidnapped-Vehicle-Project-master/ide_profiles/xcode/CMakeFiles/CMakeTmp/CMAKE_TRY_COMPILE.build/Debug/cmTryCompileExec3726697492.build/Objects-normal/x86_64/CMakeCCompilerABI.d --serialize-diagnostics /Users/kevinlu/Documents/Learning/Udacity-Self-Driving-CarND/Part\ 2/CarND-Kidnapped-Vehicle-Project-master/ide_profiles/xcode/CMakeFiles/CMakeTmp/CMAKE_TRY_COMPILE.build/Debug/cmTryCompileExec3726697492.build/Objects-normal/x86_64/CMakeCCompilerABI.dia -c /usr/local/share/cmake-3.0/Modules/CMakeCCompilerABI.c -o /Users/kevinlu/Documents/Learning/Udacity-Self-Driving-CarND/Part\ 2/CarND-Kidnapped-Vehicle-Project-master/ide_profiles/xcode/CMakeFiles/CMakeTmp/CMAKE_TRY_COMPILE.build/Debug/cmTryCompileExec3726697492.build/Objects-normal/x86_64/CMakeCCompilerABI.o]
  ignore line: []
  ignore line: [Ld Debug/cmTryCompileExec3726697492 normal x86_64]
  ignore line: [    cd "/Users/kevinlu/Documents/Learning/Udacity-Self-Driving-CarND/Part 2/CarND-Kidnapped-Vehicle-Project-master/ide_profiles/xcode/CMakeFiles/CMakeTmp"]
  ignore line: [    export MACOSX_DEPLOYMENT_TARGET=10.12]
  ignore line: [    /Applications/Xcode.app/Contents/Developer/Toolchains/XcodeDefault.xctoolchain/usr/bin/clang -arch x86_64 -isysroot /Applications/Xcode.app/Contents/Developer/Platforms/MacOSX.platform/Developer/SDKs/MacOSX10.12.sdk -L/Users/kevinlu/Documents/Learning/Udacity-Self-Driving-CarND/Part\ 2/CarND-Kidnapped-Vehicle-Project-master/ide_profiles/xcode/CMakeFiles/CMakeTmp/Debug -F/Users/kevinlu/Documents/Learning/Udacity-Self-Driving-CarND/Part\ 2/CarND-Kidnapped-Vehicle-Project-master/ide_profiles/xcode/CMakeFiles/CMakeTmp/Debug -filelist /Users/kevinlu/Documents/Learning/Udacity-Self-Driving-CarND/Part\ 2/CarND-Kidnapped-Vehicle-Project-master/ide_profiles/xcode/CMakeFiles/CMakeTmp/CMAKE_TRY_COMPILE.build/Debug/cmTryCompileExec3726697492.build/Objects-normal/x86_64/cmTryCompileExec3726697492.LinkFileList -mmacosx-version-min=10.12 -Xlinker -object_path_lto -Xlinker /Users/kevinlu/Documents/Learning/Udacity-Self-Driving-CarND/Part\ 2/CarND-Kidnapped-Vehicle-Project-master/ide_profiles/xcode/CMakeFiles/CMakeTmp/CMAKE_TRY_COMPILE.build/Debug/cmTryCompileExec3726697492.build/Objects-normal/x86_64/cmTryCompileExec3726697492_lto.o -Xlinker -no_deduplicate -v -Wl,-v -Wl,-search_paths_first -Wl,-headerpad_max_install_names -Xlinker -dependency_info -Xlinker /Users/kevinlu/Documents/Learning/Udacity-Self-Driving-CarND/Part\ 2/CarND-Kidnapped-Vehicle-Project-master/ide_profiles/xcode/CMakeFiles/CMakeTmp/CMAKE_TRY_COMPILE.build/Debug/cmTryCompileExec3726697492.build/Objects-normal/x86_64/cmTryCompileExec3726697492_dependency_info.dat -o /Users/kevinlu/Documents/Learning/Udacity-Self-Driving-CarND/Part\ 2/CarND-Kidnapped-Vehicle-Project-master/ide_profiles/xcode/CMakeFiles/CMakeTmp/Debug/cmTryCompileExec3726697492]
  ignore line: [Apple LLVM version 8.1.0 (clang-802.0.42)]
  ignore line: [Target: x86_64-apple-darwin16.5.0]
  ignore line: [Thread model: posix]
  ignore line: [InstalledDir: /Applications/Xcode.app/Contents/Developer/Toolchains/XcodeDefault.xctoolchain/usr/bin]
  reduced line: [ "/Applications/Xcode.app/Contents/Developer/Toolchains/XcodeDefault.xctoolchain/usr/bin/ld" -demangle -lto_library /Applications/Xcode.app/Contents/Developer/Toolchains/XcodeDefault.xctoolchain/usr/lib/libLTO.dylib -dynamic -arch x86_64 -macosx_version_min 10.12.0 -syslibroot /Applications/Xcode.app/Contents/Developer/Platforms/MacOSX.platform/Developer/SDKs/MacOSX10.12.sdk -o /Users/kevinlu/Documents/Learning/Udacity-Self-Driving-CarND/Part 2/CarND-Kidnapped-Vehicle-Project-master/ide_profiles/xcode/CMakeFiles/CMakeTmp/Debug/cmTryCompileExec3726697492 -L/Users/kevinlu/Documents/Learning/Udacity-Self-Driving-CarND/Part 2/CarND-Kidnapped-Vehicle-Project-master/ide_profiles/xcode/CMakeFiles/CMakeTmp/Debug -filelist /Users/kevinlu/Documents/Learning/Udacity-Self-Driving-CarND/Part 2/CarND-Kidnapped-Vehicle-Project-master/ide_profiles/xcode/CMakeFiles/CMakeTmp/CMAKE_TRY_COMPILE.build/Debug/cmTryCompileExec3726697492.build/Objects-normal/x86_64/cmTryCompileExec3726697492.LinkFileList -object_path_lto /Users/kevinlu/Documents/Learning/Udacity-Self-Driving-CarND/Part 2/CarND-Kidnapped-Vehicle-Project-master/ide_profiles/xcode/CMakeFiles/CMakeTmp/CMAKE_TRY_COMPILE.build/Debug/cmTryCompileExec3726697492.build/Objects-normal/x86_64/cmTryCompileExec3726697492_lto.o -no_deduplicate -v -search_paths_first -headerpad_max_install_names -dependency_info /Users/kevinlu/Documents/Learning/Udacity-Self-Driving-CarND/Part 2/CarND-Kidnapped-Vehicle-Project-master/ide_profiles/xcode/CMakeFiles/CMakeTmp/CMAKE_TRY_COMPILE.build/Debug/cmTryCompileExec3726697492.build/Objects-normal/x86_64/cmTryCompileExec3726697492_dependency_info.dat -lSystem /Applications/Xcode.app/Contents/Developer/Toolchains/XcodeDefault.xctoolchain/usr/bin/../lib/clang/8.1.0/lib/darwin/libclang_rt.osx.a -F/Users/kevinlu/Documents/Learning/Udacity-Self-Driving-CarND/Part 2/CarND-Kidnapped-Vehicle-Project-master/ide_profiles/xcode/CMakeFiles/CMakeTmp/Debug]
            to: [ "/Applications/Xcode.app/Contents/Developer/Toolchains/XcodeDefault.xctoolchain/usr/bin/ld" -demangle -lto_library /Applications/Xcode.app/Contents/Developer/Toolchains/XcodeDefault.xctoolchain/usr/lib/libLTO.dylib -dynamic -arch x86_64 -macosx_version_min 10.12.0 -syslibroot /Applications/Xcode.app/Contents/Developer/Platforms/MacOSX.platform/Developer/SDKs/MacOSX10.12.sdk -o /Users/kevinlu/Documents/Learning/Udacity-Self-Driving-CarND/Part 2/CarND-Kidnapped-Vehicle-Project-master/ide_profiles/xcode/CMakeFiles/CMakeTmp/Debug/cmTryCompileExec3726697492 -filelist /Users/kevinlu/Documents/Learning/Udacity-Self-Driving-CarND/Part 2/CarND-Kidnapped-Vehicle-Project-master/ide_profiles/xcode/CMakeFiles/CMakeTmp/CMAKE_TRY_COMPILE.build/Debug/cmTryCompileExec3726697492.build/Objects-normal/x86_64/cmTryCompileExec3726697492.LinkFileList -object_path_lto /Users/kevinlu/Documents/Learning/Udacity-Self-Driving-CarND/Part 2/CarND-Kidnapped-Vehicle-Project-master/ide_profiles/xcode/CMakeFiles/CMakeTmp/CMAKE_TRY_COMPILE.build/Debug/cmTryCompileExec3726697492.build/Objects-normal/x86_64/cmTryCompileExec3726697492_lto.o -no_deduplicate -v -search_paths_first -headerpad_max_install_names -dependency_info /Users/kevinlu/Documents/Learning/Udacity-Self-Driving-CarND/Part 2/CarND-Kidnapped-Vehicle-Project-master/ide_profiles/xcode/CMakeFiles/CMakeTmp/CMAKE_TRY_COMPILE.build/Debug/cmTryCompileExec3726697492.build/Objects-normal/x86_64/cmTryCompileExec3726697492_dependency_info.dat -lSystem /Applications/Xcode.app/Contents/Developer/Toolchains/XcodeDefault.xctoolchain/usr/bin/../lib/clang/8.1.0/lib/darwin/libclang_rt.osx.a ]
  link line: [ "/Applications/Xcode.app/Contents/Developer/Toolchains/XcodeDefault.xctoolchain/usr/bin/ld" -demangle -lto_library /Applications/Xcode.app/Contents/Developer/Toolchains/XcodeDefault.xctoolchain/usr/lib/libLTO.dylib -dynamic -arch x86_64 -macosx_version_min 10.12.0 -syslibroot /Applications/Xcode.app/Contents/Developer/Platforms/MacOSX.platform/Developer/SDKs/MacOSX10.12.sdk -o /Users/kevinlu/Documents/Learning/Udacity-Self-Driving-CarND/Part 2/CarND-Kidnapped-Vehicle-Project-master/ide_profiles/xcode/CMakeFiles/CMakeTmp/Debug/cmTryCompileExec3726697492 -filelist /Users/kevinlu/Documents/Learning/Udacity-Self-Driving-CarND/Part 2/CarND-Kidnapped-Vehicle-Project-master/ide_profiles/xcode/CMakeFiles/CMakeTmp/CMAKE_TRY_COMPILE.build/Debug/cmTryCompileExec3726697492.build/Objects-normal/x86_64/cmTryCompileExec3726697492.LinkFileList -object_path_lto /Users/kevinlu/Documents/Learning/Udacity-Self-Driving-CarND/Part 2/CarND-Kidnapped-Vehicle-Project-master/ide_profiles/xcode/CMakeFiles/CMakeTmp/CMAKE_TRY_COMPILE.build/Debug/cmTryCompileExec3726697492.build/Objects-normal/x86_64/cmTryCompileExec3726697492_lto.o -no_deduplicate -v -search_paths_first -headerpad_max_install_names -dependency_info /Users/kevinlu/Documents/Learning/Udacity-Self-Driving-CarND/Part 2/CarND-Kidnapped-Vehicle-Project-master/ide_profiles/xcode/CMakeFiles/CMakeTmp/CMAKE_TRY_COMPILE.build/Debug/cmTryCompileExec3726697492.build/Objects-normal/x86_64/cmTryCompileExec3726697492_dependency_info.dat -lSystem /Applications/Xcode.app/Contents/Developer/Toolchains/XcodeDefault.xctoolchain/usr/bin/../lib/clang/8.1.0/lib/darwin/libclang_rt.osx.a ]
    arg [/Applications/Xcode.app/Contents/Developer/Toolchains/XcodeDefault.xctoolchain/usr/bin/ld] ==> ignore
    arg [-demangle] ==> ignore
    arg [-lto_library] ==> lib [to_library]
    arg [/Applications/Xcode.app/Contents/Developer/Toolchains/XcodeDefault.xctoolchain/usr/lib/libLTO.dylib] ==> ignore
    arg [-dynamic] ==> ignore
    arg [-arch] ==> ignore
    arg [x86_64] ==> ignore
    arg [-macosx_version_min] ==> ignore
    arg [10.12.0] ==> ignore
    arg [-syslibroot] ==> ignore
    arg [/Applications/Xcode.app/Contents/Developer/Platforms/MacOSX.platform/Developer/SDKs/MacOSX10.12.sdk] ==> ignore
    arg [-o] ==> ignore
    arg [/Users/kevinlu/Documents/Learning/Udacity-Self-Driving-CarND/Part] ==> ignore
    arg [2/CarND-Kidnapped-Vehicle-Project-master/ide_profiles/xcode/CMakeFiles/CMakeTmp/Debug/cmTryCompileExec3726697492] ==> ignore
    arg [-filelist] ==> ignore
    arg [/Users/kevinlu/Documents/Learning/Udacity-Self-Driving-CarND/Part] ==> ignore
    arg [2/CarND-Kidnapped-Vehicle-Project-master/ide_profiles/xcode/CMakeFiles/CMakeTmp/CMAKE_TRY_COMPILE.build/Debug/cmTryCompileExec3726697492.build/Objects-normal/x86_64/cmTryCompileExec3726697492.LinkFileList] ==> ignore
    arg [-object_path_lto] ==> ignore
    arg [/Users/kevinlu/Documents/Learning/Udacity-Self-Driving-CarND/Part] ==> ignore
    arg [2/CarND-Kidnapped-Vehicle-Project-master/ide_profiles/xcode/CMakeFiles/CMakeTmp/CMAKE_TRY_COMPILE.build/Debug/cmTryCompileExec3726697492.build/Objects-normal/x86_64/cmTryCompileExec3726697492_lto.o] ==> ignore
    arg [-no_deduplicate] ==> ignore
    arg [-v] ==> ignore
    arg [-search_paths_first] ==> ignore
    arg [-headerpad_max_install_names] ==> ignore
    arg [-dependency_info] ==> ignore
    arg [/Users/kevinlu/Documents/Learning/Udacity-Self-Driving-CarND/Part] ==> ignore
    arg [2/CarND-Kidnapped-Vehicle-Project-master/ide_profiles/xcode/CMakeFiles/CMakeTmp/CMAKE_TRY_COMPILE.build/Debug/cmTryCompileExec3726697492.build/Objects-normal/x86_64/cmTryCompileExec3726697492_dependency_info.dat] ==> ignore
    arg [-lSystem] ==> lib [System]
    arg [/Applications/Xcode.app/Contents/Developer/Toolchains/XcodeDefault.xctoolchain/usr/bin/../lib/clang/8.1.0/lib/darwin/libclang_rt.osx.a] ==> lib [/Applications/Xcode.app/Contents/Developer/Toolchains/XcodeDefault.xctoolchain/usr/bin/../lib/clang/8.1.0/lib/darwin/libclang_rt.osx.a]
  Library search paths: [;/Users/kevinlu/Documents/Learning/Udacity-Self-Driving-CarND/Part 2/CarND-Kidnapped-Vehicle-Project-master/ide_profiles/xcode/CMakeFiles/CMakeTmp/Debug;/Applications/Xcode.app/Contents/Developer/Platforms/MacOSX.platform/Developer/SDKs/MacOSX10.12.sdk/usr/lib]
  Framework search paths: [;/Users/kevinlu/Documents/Learning/Udacity-Self-Driving-CarND/Part 2/CarND-Kidnapped-Vehicle-Project-master/ide_profiles/xcode/CMakeFiles/CMakeTmp/Debug;/Applications/Xcode.app/Contents/Developer/Platforms/MacOSX.platform/Developer/SDKs/MacOSX10.12.sdk/System/Library/Frameworks/]
  remove lib [System]
  collapse lib [/Applications/Xcode.app/Contents/Developer/Toolchains/XcodeDefault.xctoolchain/usr/bin/../lib/clang/8.1.0/lib/darwin/libclang_rt.osx.a] ==> [/Applications/Xcode.app/Contents/Developer/Toolchains/XcodeDefault.xctoolchain/usr/lib/clang/8.1.0/lib/darwin/libclang_rt.osx.a]
  collapse library dir [/Users/kevinlu/Documents/Learning/Udacity-Self-Driving-CarND/Part 2/CarND-Kidnapped-Vehicle-Project-master/ide_profiles/xcode/CMakeFiles/CMakeTmp/Debug] ==> [/Users/kevinlu/Documents/Learning/Udacity-Self-Driving-CarND/Part 2/CarND-Kidnapped-Vehicle-Project-master/ide_profiles/xcode/CMakeFiles/CMakeTmp/Debug], skipping non-system directory
  collapse library dir [/Applications/Xcode.app/Contents/Developer/Platforms/MacOSX.platform/Developer/SDKs/MacOSX10.12.sdk/usr/lib] ==> [/Applications/Xcode.app/Contents/Developer/Platforms/MacOSX.platform/Developer/SDKs/MacOSX10.12.sdk/usr/lib]
  collapse framework dir [/Users/kevinlu/Documents/Learning/Udacity-Self-Driving-CarND/Part 2/CarND-Kidnapped-Vehicle-Project-master/ide_profiles/xcode/CMakeFiles/CMakeTmp/Debug] ==> [/Users/kevinlu/Documents/Learning/Udacity-Self-Driving-CarND/Part 2/CarND-Kidnapped-Vehicle-Project-master/ide_profiles/xcode/CMakeFiles/CMakeTmp/Debug], skipping non-system directory
  collapse framework dir [/Applications/Xcode.app/Contents/Developer/Platforms/MacOSX.platform/Developer/SDKs/MacOSX10.12.sdk/System/Library/Frameworks/] ==> [/Applications/Xcode.app/Contents/Developer/Platforms/MacOSX.platform/Developer/SDKs/MacOSX10.12.sdk/System/Library/Frameworks]
  implicit libs: [to_library;/Applications/Xcode.app/Contents/Developer/Toolchains/XcodeDefault.xctoolchain/usr/lib/clang/8.1.0/lib/darwin/libclang_rt.osx.a]
  implicit dirs: [/Applications/Xcode.app/Contents/Developer/Platforms/MacOSX.platform/Developer/SDKs/MacOSX10.12.sdk/usr/lib]
  implicit fwks: [/Applications/Xcode.app/Contents/Developer/Platforms/MacOSX.platform/Developer/SDKs/MacOSX10.12.sdk/System/Library/Frameworks]


Determining if the CXX compiler works passed with the following output:
Change Dir: /Users/kevinlu/Documents/Learning/Udacity-Self-Driving-CarND/Part 2/CarND-Kidnapped-Vehicle-Project-master/ide_profiles/xcode/CMakeFiles/CMakeTmp

Run Build Command:"/usr/local/bin/cmakexbuild" "-project" "CMAKE_TRY_COMPILE.xcodeproj" "build" "-target" "cmTryCompileExec3218989529" "-configuration" "Debug"
2017-05-23 23:20:44.950 xcodebuild[14560:18021828] [MT] PluginLoading: Required plug-in compatibility UUID DFFB3951-EB0A-4C09-9DAC-5F2D28CC839C for plug-in at path '~/Library/Application Support/Developer/Shared/Xcode/Plug-ins/XVim.xcplugin' not present in DVTPlugInCompatibilityUUIDs
=== BUILD TARGET cmTryCompileExec3218989529 OF PROJECT CMAKE_TRY_COMPILE WITH CONFIGURATION Debug ===

Check dependencies

Write auxiliary files
/bin/mkdir -p /Users/kevinlu/Documents/Learning/Udacity-Self-Driving-CarND/Part\ 2/CarND-Kidnapped-Vehicle-Project-master/ide_profiles/xcode/CMakeFiles/CMakeTmp/CMAKE_TRY_COMPILE.build/Debug/cmTryCompileExec3218989529.build/Objects-normal/x86_64
write-file /Users/kevinlu/Documents/Learning/Udacity-Self-Driving-CarND/Part\ 2/CarND-Kidnapped-Vehicle-Project-master/ide_profiles/xcode/CMakeFiles/CMakeTmp/CMAKE_TRY_COMPILE.build/Debug/cmTryCompileExec3218989529.build/Objects-normal/x86_64/cmTryCompileExec3218989529.LinkFileList

CompileC CMAKE_TRY_COMPILE.build/Debug/cmTryCompileExec3218989529.build/Objects-normal/x86_64/testCXXCompiler.o testCXXCompiler.cxx normal x86_64 c++ com.apple.compilers.llvm.clang.1_0.compiler
    cd "/Users/kevinlu/Documents/Learning/Udacity-Self-Driving-CarND/Part 2/CarND-Kidnapped-Vehicle-Project-master/ide_profiles/xcode/CMakeFiles/CMakeTmp"
    export LANG=en_US.US-ASCII
    /Applications/Xcode.app/Contents/Developer/Toolchains/XcodeDefault.xctoolchain/usr/bin/clang -x c++ -arch x86_64 -fmessage-length=0 -fdiagnostics-show-note-include-stack -fmacro-backtrace-limit=0 -Wno-trigraphs -fpascal-strings -O0 -Wno-missing-field-initializers -Wno-missing-prototypes -Wno-return-type -Wno-non-virtual-dtor -Wno-overloaded-virtual -Wno-exit-time-destructors -Wno-missing-braces -Wparentheses -Wswitch -Wno-unused-function -Wno-unused-label -Wno-unused-parameter -Wno-unused-variable -Wunused-value -Wno-empty-body -Wno-uninitialized -Wno-unknown-pragmas -Wno-shadow -Wno-four-char-constants -Wno-conversion -Wno-constant-conversion -Wno-int-conversion -Wno-bool-conversion -Wno-enum-conversion -Wno-shorten-64-to-32 -Wno-newline-eof -Wno-c++11-extensions -DCMAKE_INTDIR=\"Debug\" -isysroot /Applications/Xcode.app/Contents/Developer/Platforms/MacOSX.platform/Developer/SDKs/MacOSX10.12.sdk -fasm-blocks -fstrict-aliasing -Wdeprecated-declarations -Winvalid-offsetof -mmacosx-version-min=10.12 -Wno-sign-conversion -Wno-infinite-recursion -Wno-move -I/Users/kevinlu/Documents/Learning/Udacity-Self-Driving-CarND/Part\ 2/CarND-Kidnapped-Vehicle-Project-master/ide_profiles/xcode/CMakeFiles/CMakeTmp/Debug/include -I/Users/kevinlu/Documents/Learning/Udacity-Self-Driving-CarND/Part\ 2/CarND-Kidnapped-Vehicle-Project-master/ide_profiles/xcode/CMakeFiles/CMakeTmp/CMAKE_TRY_COMPILE.build/Debug/cmTryCompileExec3218989529.build/DerivedSources/x86_64 -I/Users/kevinlu/Documents/Learning/Udacity-Self-Driving-CarND/Part\ 2/CarND-Kidnapped-Vehicle-Project-master/ide_profiles/xcode/CMakeFiles/CMakeTmp/CMAKE_TRY_COMPILE.build/Debug/cmTryCompileExec3218989529.build/DerivedSources -Wmost -Wno-four-char-constants -Wno-unknown-pragmas -F/Users/kevinlu/Documents/Learning/Udacity-Self-Driving-CarND/Part\ 2/CarND-Kidnapped-Vehicle-Project-master/ide_profiles/xcode/CMakeFiles/CMakeTmp/Debug -g -MMD -MT dependencies -MF /Users/kevinlu/Documents/Learning/Udacity-Self-Driving-CarND/Part\ 2/CarND-Kidnapped-Vehicle-Project-master/ide_profiles/xcode/CMakeFiles/CMakeTmp/CMAKE_TRY_COMPILE.build/Debug/cmTryCompileExec3218989529.build/Objects-normal/x86_64/testCXXCompiler.d --serialize-diagnostics /Users/kevinlu/Documents/Learning/Udacity-Self-Driving-CarND/Part\ 2/CarND-Kidnapped-Vehicle-Project-master/ide_profiles/xcode/CMakeFiles/CMakeTmp/CMAKE_TRY_COMPILE.build/Debug/cmTryCompileExec3218989529.build/Objects-normal/x86_64/testCXXCompiler.dia -c /Users/kevinlu/Documents/Learning/Udacity-Self-Driving-CarND/Part\ 2/CarND-Kidnapped-Vehicle-Project-master/ide_profiles/xcode/CMakeFiles/CMakeTmp/testCXXCompiler.cxx -o /Users/kevinlu/Documents/Learning/Udacity-Self-Driving-CarND/Part\ 2/CarND-Kidnapped-Vehicle-Project-master/ide_profiles/xcode/CMakeFiles/CMakeTmp/CMAKE_TRY_COMPILE.build/Debug/cmTryCompileExec3218989529.build/Objects-normal/x86_64/testCXXCompiler.o

Ld Debug/cmTryCompileExec3218989529 normal x86_64
    cd "/Users/kevinlu/Documents/Learning/Udacity-Self-Driving-CarND/Part 2/CarND-Kidnapped-Vehicle-Project-master/ide_profiles/xcode/CMakeFiles/CMakeTmp"
    export MACOSX_DEPLOYMENT_TARGET=10.12
    /Applications/Xcode.app/Contents/Developer/Toolchains/XcodeDefault.xctoolchain/usr/bin/clang++ -arch x86_64 -isysroot /Applications/Xcode.app/Contents/Developer/Platforms/MacOSX.platform/Developer/SDKs/MacOSX10.12.sdk -L/Users/kevinlu/Documents/Learning/Udacity-Self-Driving-CarND/Part\ 2/CarND-Kidnapped-Vehicle-Project-master/ide_profiles/xcode/CMakeFiles/CMakeTmp/Debug -F/Users/kevinlu/Documents/Learning/Udacity-Self-Driving-CarND/Part\ 2/CarND-Kidnapped-Vehicle-Project-master/ide_profiles/xcode/CMakeFiles/CMakeTmp/Debug -filelist /Users/kevinlu/Documents/Learning/Udacity-Self-Driving-CarND/Part\ 2/CarND-Kidnapped-Vehicle-Project-master/ide_profiles/xcode/CMakeFiles/CMakeTmp/CMAKE_TRY_COMPILE.build/Debug/cmTryCompileExec3218989529.build/Objects-normal/x86_64/cmTryCompileExec3218989529.LinkFileList -mmacosx-version-min=10.12 -Xlinker -no_deduplicate -Wl,-search_paths_first -Wl,-headerpad_max_install_names -Xlinker -dependency_info -Xlinker /Users/kevinlu/Documents/Learning/Udacity-Self-Driving-CarND/Part\ 2/CarND-Kidnapped-Vehicle-Project-master/ide_profiles/xcode/CMakeFiles/CMakeTmp/CMAKE_TRY_COMPILE.build/Debug/cmTryCompileExec3218989529.build/Objects-normal/x86_64/cmTryCompileExec3218989529_dependency_info.dat -o /Users/kevinlu/Documents/Learning/Udacity-Self-Driving-CarND/Part\ 2/CarND-Kidnapped-Vehicle-Project-master/ide_profiles/xcode/CMakeFiles/CMakeTmp/Debug/cmTryCompileExec3218989529

** BUILD SUCCEEDED **



Detecting CXX compiler ABI info compiled with the following output:
Change Dir: /Users/kevinlu/Documents/Learning/Udacity-Self-Driving-CarND/Part 2/CarND-Kidnapped-Vehicle-Project-master/ide_profiles/xcode/CMakeFiles/CMakeTmp

Run Build Command:"/usr/local/bin/cmakexbuild" "-project" "CMAKE_TRY_COMPILE.xcodeproj" "build" "-target" "cmTryCompileExec3520931687" "-configuration" "Debug"
2017-05-23 23:20:45.702 xcodebuild[14576:18021891] [MT] PluginLoading: Required plug-in compatibility UUID DFFB3951-EB0A-4C09-9DAC-5F2D28CC839C for plug-in at path '~/Library/Application Support/Developer/Shared/Xcode/Plug-ins/XVim.xcplugin' not present in DVTPlugInCompatibilityUUIDs
=== BUILD TARGET cmTryCompileExec3520931687 OF PROJECT CMAKE_TRY_COMPILE WITH CONFIGURATION Debug ===

Check dependencies

Write auxiliary files
/bin/mkdir -p /Users/kevinlu/Documents/Learning/Udacity-Self-Driving-CarND/Part\ 2/CarND-Kidnapped-Vehicle-Project-master/ide_profiles/xcode/CMakeFiles/CMakeTmp/CMAKE_TRY_COMPILE.build/Debug/cmTryCompileExec3520931687.build/Objects-normal/x86_64
write-file /Users/kevinlu/Documents/Learning/Udacity-Self-Driving-CarND/Part\ 2/CarND-Kidnapped-Vehicle-Project-master/ide_profiles/xcode/CMakeFiles/CMakeTmp/CMAKE_TRY_COMPILE.build/Debug/cmTryCompileExec3520931687.build/Objects-normal/x86_64/cmTryCompileExec3520931687.LinkFileList

CompileC CMAKE_TRY_COMPILE.build/Debug/cmTryCompileExec3520931687.build/Objects-normal/x86_64/CMakeCXXCompilerABI.o /usr/local/share/cmake-3.0/Modules/CMakeCXXCompilerABI.cpp normal x86_64 c++ com.apple.compilers.llvm.clang.1_0.compiler
    cd "/Users/kevinlu/Documents/Learning/Udacity-Self-Driving-CarND/Part 2/CarND-Kidnapped-Vehicle-Project-master/ide_profiles/xcode/CMakeFiles/CMakeTmp"
    export LANG=en_US.US-ASCII
    /Applications/Xcode.app/Contents/Developer/Toolchains/XcodeDefault.xctoolchain/usr/bin/clang -x c++ -arch x86_64 -fmessage-length=0 -fdiagnostics-show-note-include-stack -fmacro-backtrace-limit=0 -Wno-trigraphs -fpascal-strings -O0 -Wno-missing-field-initializers -Wno-missing-prototypes -Wno-return-type -Wno-non-virtual-dtor -Wno-overloaded-virtual -Wno-exit-time-destructors -Wno-missing-braces -Wparentheses -Wswitch -Wno-unused-function -Wno-unused-label -Wno-unused-parameter -Wno-unused-variable -Wunused-value -Wno-empty-body -Wno-uninitialized -Wno-unknown-pragmas -Wno-shadow -Wno-four-char-constants -Wno-conversion -Wno-constant-conversion -Wno-int-conversion -Wno-bool-conversion -Wno-enum-conversion -Wno-shorten-64-to-32 -Wno-newline-eof -Wno-c++11-extensions -DCMAKE_INTDIR=\"Debug\" -isysroot /Applications/Xcode.app/Contents/Developer/Platforms/MacOSX.platform/Developer/SDKs/MacOSX10.12.sdk -fasm-blocks -fstrict-aliasing -Wdeprecated-declarations -Winvalid-offsetof -mmacosx-version-min=10.12 -Wno-sign-conversion -Wno-infinite-recursion -Wno-move -I/Users/kevinlu/Documents/Learning/Udacity-Self-Driving-CarND/Part\ 2/CarND-Kidnapped-Vehicle-Project-master/ide_profiles/xcode/CMakeFiles/CMakeTmp/Debug/include -I/Users/kevinlu/Documents/Learning/Udacity-Self-Driving-CarND/Part\ 2/CarND-Kidnapped-Vehicle-Project-master/ide_profiles/xcode/CMakeFiles/CMakeTmp/CMAKE_TRY_COMPILE.build/Debug/cmTryCompileExec3520931687.build/DerivedSources/x86_64 -I/Users/kevinlu/Documents/Learning/Udacity-Self-Driving-CarND/Part\ 2/CarND-Kidnapped-Vehicle-Project-master/ide_profiles/xcode/CMakeFiles/CMakeTmp/CMAKE_TRY_COMPILE.build/Debug/cmTryCompileExec3520931687.build/DerivedSources -Wmost -Wno-four-char-constants -Wno-unknown-pragmas -F/Users/kevinlu/Documents/Learning/Udacity-Self-Driving-CarND/Part\ 2/CarND-Kidnapped-Vehicle-Project-master/ide_profiles/xcode/CMakeFiles/CMakeTmp/Debug -g -MMD -MT dependencies -MF /Users/kevinlu/Documents/Learning/Udacity-Self-Driving-CarND/Part\ 2/CarND-Kidnapped-Vehicle-Project-master/ide_profiles/xcode/CMakeFiles/CMakeTmp/CMAKE_TRY_COMPILE.build/Debug/cmTryCompileExec3520931687.build/Objects-normal/x86_64/CMakeCXXCompilerABI.d --serialize-diagnostics /Users/kevinlu/Documents/Learning/Udacity-Self-Driving-CarND/Part\ 2/CarND-Kidnapped-Vehicle-Project-master/ide_profiles/xcode/CMakeFiles/CMakeTmp/CMAKE_TRY_COMPILE.build/Debug/cmTryCompileExec3520931687.build/Objects-normal/x86_64/CMakeCXXCompilerABI.dia -c /usr/local/share/cmake-3.0/Modules/CMakeCXXCompilerABI.cpp -o /Users/kevinlu/Documents/Learning/Udacity-Self-Driving-CarND/Part\ 2/CarND-Kidnapped-Vehicle-Project-master/ide_profiles/xcode/CMakeFiles/CMakeTmp/CMAKE_TRY_COMPILE.build/Debug/cmTryCompileExec3520931687.build/Objects-normal/x86_64/CMakeCXXCompilerABI.o

Ld Debug/cmTryCompileExec3520931687 normal x86_64
    cd "/Users/kevinlu/Documents/Learning/Udacity-Self-Driving-CarND/Part 2/CarND-Kidnapped-Vehicle-Project-master/ide_profiles/xcode/CMakeFiles/CMakeTmp"
    export MACOSX_DEPLOYMENT_TARGET=10.12
    /Applications/Xcode.app/Contents/Developer/Toolchains/XcodeDefault.xctoolchain/usr/bin/clang++ -arch x86_64 -isysroot /Applications/Xcode.app/Contents/Developer/Platforms/MacOSX.platform/Developer/SDKs/MacOSX10.12.sdk -L/Users/kevinlu/Documents/Learning/Udacity-Self-Driving-CarND/Part\ 2/CarND-Kidnapped-Vehicle-Project-master/ide_profiles/xcode/CMakeFiles/CMakeTmp/Debug -F/Users/kevinlu/Documents/Learning/Udacity-Self-Driving-CarND/Part\ 2/CarND-Kidnapped-Vehicle-Project-master/ide_profiles/xcode/CMakeFiles/CMakeTmp/Debug -filelist /Users/kevinlu/Documents/Learning/Udacity-Self-Driving-CarND/Part\ 2/CarND-Kidnapped-Vehicle-Project-master/ide_profiles/xcode/CMakeFiles/CMakeTmp/CMAKE_TRY_COMPILE.build/Debug/cmTryCompileExec3520931687.build/Objects-normal/x86_64/cmTryCompileExec3520931687.LinkFileList -mmacosx-version-min=10.12 -Xlinker -no_deduplicate -v -Wl,-v -Wl,-search_paths_first -Wl,-headerpad_max_install_names -Xlinker -dependency_info -Xlinker /Users/kevinlu/Documents/Learning/Udacity-Self-Driving-CarND/Part\ 2/CarND-Kidnapped-Vehicle-Project-master/ide_profiles/xcode/CMakeFiles/CMakeTmp/CMAKE_TRY_COMPILE.build/Debug/cmTryCompileExec3520931687.build/Objects-normal/x86_64/cmTryCompileExec3520931687_dependency_info.dat -o /Users/kevinlu/Documents/Learning/Udacity-Self-Driving-CarND/Part\ 2/CarND-Kidnapped-Vehicle-Project-master/ide_profiles/xcode/CMakeFiles/CMakeTmp/Debug/cmTryCompileExec3520931687
Apple LLVM version 8.1.0 (clang-802.0.42)
Target: x86_64-apple-darwin16.5.0
Thread model: posix
InstalledDir: /Applications/Xcode.app/Contents/Developer/Toolchains/XcodeDefault.xctoolchain/usr/bin
 "/Applications/Xcode.app/Contents/Developer/Toolchains/XcodeDefault.xctoolchain/usr/bin/ld" -demangle -lto_library /Applications/Xcode.app/Contents/Developer/Toolchains/XcodeDefault.xctoolchain/usr/lib/libLTO.dylib -dynamic -arch x86_64 -macosx_version_min 10.12.0 -syslibroot /Applications/Xcode.app/Contents/Developer/Platforms/MacOSX.platform/Developer/SDKs/MacOSX10.12.sdk -o /Users/kevinlu/Documents/Learning/Udacity-Self-Driving-CarND/Part 2/CarND-Kidnapped-Vehicle-Project-master/ide_profiles/xcode/CMakeFiles/CMakeTmp/Debug/cmTryCompileExec3520931687 -L/Users/kevinlu/Documents/Learning/Udacity-Self-Driving-CarND/Part 2/CarND-Kidnapped-Vehicle-Project-master/ide_profiles/xcode/CMakeFiles/CMakeTmp/Debug -filelist /Users/kevinlu/Documents/Learning/Udacity-Self-Driving-CarND/Part 2/CarND-Kidnapped-Vehicle-Project-master/ide_profiles/xcode/CMakeFiles/CMakeTmp/CMAKE_TRY_COMPILE.build/Debug/cmTryCompileExec3520931687.build/Objects-normal/x86_64/cmTryCompileExec3520931687.LinkFileList -no_deduplicate -v -search_paths_first -headerpad_max_install_names -dependency_info /Users/kevinlu/Documents/Learning/Udacity-Self-Driving-CarND/Part 2/CarND-Kidnapped-Vehicle-Project-master/ide_profiles/xcode/CMakeFiles/CMakeTmp/CMAKE_TRY_COMPILE.build/Debug/cmTryCompileExec3520931687.build/Objects-normal/x86_64/cmTryCompileExec3520931687_dependency_info.dat -lc++ -lSystem /Applications/Xcode.app/Contents/Developer/Toolchains/XcodeDefault.xctoolchain/usr/bin/../lib/clang/8.1.0/lib/darwin/libclang_rt.osx.a -F/Users/kevinlu/Documents/Learning/Udacity-Self-Driving-CarND/Part 2/CarND-Kidnapped-Vehicle-Project-master/ide_profiles/xcode/CMakeFiles/CMakeTmp/Debug
@(#)PROGRAM:ld  PROJECT:ld64-278.4
configured to support archs: armv6 armv7 armv7s arm64 i386 x86_64 x86_64h armv6m armv7k armv7m armv7em (tvOS)
Library search paths:
	/Users/kevinlu/Documents/Learning/Udacity-Self-Driving-CarND/Part 2/CarND-Kidnapped-Vehicle-Project-master/ide_profiles/xcode/CMakeFiles/CMakeTmp/Debug
	/Applications/Xcode.app/Contents/Developer/Platforms/MacOSX.platform/Developer/SDKs/MacOSX10.12.sdk/usr/lib
Framework search paths:
	/Users/kevinlu/Documents/Learning/Udacity-Self-Driving-CarND/Part 2/CarND-Kidnapped-Vehicle-Project-master/ide_profiles/xcode/CMakeFiles/CMakeTmp/Debug
	/Applications/Xcode.app/Contents/Developer/Platforms/MacOSX.platform/Developer/SDKs/MacOSX10.12.sdk/System/Library/Frameworks/

** BUILD SUCCEEDED **



Parsed CXX implicit link information from above output:
  link line regex: [^( *|.*[/\])(ld|([^/\]+-)?ld|collect2)[^/\]*( |$)]
  ignore line: [Change Dir: /Users/kevinlu/Documents/Learning/Udacity-Self-Driving-CarND/Part 2/CarND-Kidnapped-Vehicle-Project-master/ide_profiles/xcode/CMakeFiles/CMakeTmp]
  ignore line: []
  ignore line: [Run Build Command:"/usr/local/bin/cmakexbuild" "-project" "CMAKE_TRY_COMPILE.xcodeproj" "build" "-target" "cmTryCompileExec3520931687" "-configuration" "Debug"]
  ignore line: [2017-05-23 23:20:45.702 xcodebuild[14576:18021891] [MT] PluginLoading: Required plug-in compatibility UUID DFFB3951-EB0A-4C09-9DAC-5F2D28CC839C for plug-in at path '~/Library/Application Support/Developer/Shared/Xcode/Plug-ins/XVim.xcplugin' not present in DVTPlugInCompatibilityUUIDs]
  ignore line: [=== BUILD TARGET cmTryCompileExec3520931687 OF PROJECT CMAKE_TRY_COMPILE WITH CONFIGURATION Debug ===]
  ignore line: []
  ignore line: [Check dependencies]
  ignore line: []
  ignore line: [Write auxiliary files]
  ignore line: [/bin/mkdir -p /Users/kevinlu/Documents/Learning/Udacity-Self-Driving-CarND/Part\ 2/CarND-Kidnapped-Vehicle-Project-master/ide_profiles/xcode/CMakeFiles/CMakeTmp/CMAKE_TRY_COMPILE.build/Debug/cmTryCompileExec3520931687.build/Objects-normal/x86_64]
  ignore line: [write-file /Users/kevinlu/Documents/Learning/Udacity-Self-Driving-CarND/Part\ 2/CarND-Kidnapped-Vehicle-Project-master/ide_profiles/xcode/CMakeFiles/CMakeTmp/CMAKE_TRY_COMPILE.build/Debug/cmTryCompileExec3520931687.build/Objects-normal/x86_64/cmTryCompileExec3520931687.LinkFileList]
  ignore line: []
  ignore line: [CompileC CMAKE_TRY_COMPILE.build/Debug/cmTryCompileExec3520931687.build/Objects-normal/x86_64/CMakeCXXCompilerABI.o /usr/local/share/cmake-3.0/Modules/CMakeCXXCompilerABI.cpp normal x86_64 c++ com.apple.compilers.llvm.clang.1_0.compiler]
  ignore line: [    cd "/Users/kevinlu/Documents/Learning/Udacity-Self-Driving-CarND/Part 2/CarND-Kidnapped-Vehicle-Project-master/ide_profiles/xcode/CMakeFiles/CMakeTmp"]
  ignore line: [    export LANG=en_US.US-ASCII]
  ignore line: [    /Applications/Xcode.app/Contents/Developer/Toolchains/XcodeDefault.xctoolchain/usr/bin/clang -x c++ -arch x86_64 -fmessage-length=0 -fdiagnostics-show-note-include-stack -fmacro-backtrace-limit=0 -Wno-trigraphs -fpascal-strings -O0 -Wno-missing-field-initializers -Wno-missing-prototypes -Wno-return-type -Wno-non-virtual-dtor -Wno-overloaded-virtual -Wno-exit-time-destructors -Wno-missing-braces -Wparentheses -Wswitch -Wno-unused-function -Wno-unused-label -Wno-unused-parameter -Wno-unused-variable -Wunused-value -Wno-empty-body -Wno-uninitialized -Wno-unknown-pragmas -Wno-shadow -Wno-four-char-constants -Wno-conversion -Wno-constant-conversion -Wno-int-conversion -Wno-bool-conversion -Wno-enum-conversion -Wno-shorten-64-to-32 -Wno-newline-eof -Wno-c++11-extensions -DCMAKE_INTDIR=\"Debug\" -isysroot /Applications/Xcode.app/Contents/Developer/Platforms/MacOSX.platform/Developer/SDKs/MacOSX10.12.sdk -fasm-blocks -fstrict-aliasing -Wdeprecated-declarations -Winvalid-offsetof -mmacosx-version-min=10.12 -Wno-sign-conversion -Wno-infinite-recursion -Wno-move -I/Users/kevinlu/Documents/Learning/Udacity-Self-Driving-CarND/Part\ 2/CarND-Kidnapped-Vehicle-Project-master/ide_profiles/xcode/CMakeFiles/CMakeTmp/Debug/include -I/Users/kevinlu/Documents/Learning/Udacity-Self-Driving-CarND/Part\ 2/CarND-Kidnapped-Vehicle-Project-master/ide_profiles/xcode/CMakeFiles/CMakeTmp/CMAKE_TRY_COMPILE.build/Debug/cmTryCompileExec3520931687.build/DerivedSources/x86_64 -I/Users/kevinlu/Documents/Learning/Udacity-Self-Driving-CarND/Part\ 2/CarND-Kidnapped-Vehicle-Project-master/ide_profiles/xcode/CMakeFiles/CMakeTmp/CMAKE_TRY_COMPILE.build/Debug/cmTryCompileExec3520931687.build/DerivedSources -Wmost -Wno-four-char-constants -Wno-unknown-pragmas -F/Users/kevinlu/Documents/Learning/Udacity-Self-Driving-CarND/Part\ 2/CarND-Kidnapped-Vehicle-Project-master/ide_profiles/xcode/CMakeFiles/CMakeTmp/Debug -g -MMD -MT dependencies -MF /Users/kevinlu/Documents/Learning/Udacity-Self-Driving-CarND/Part\ 2/CarND-Kidnapped-Vehicle-Project-master/ide_profiles/xcode/CMakeFiles/CMakeTmp/CMAKE_TRY_COMPILE.build/Debug/cmTryCompileExec3520931687.build/Objects-normal/x86_64/CMakeCXXCompilerABI.d --serialize-diagnostics /Users/kevinlu/Documents/Learning/Udacity-Self-Driving-CarND/Part\ 2/CarND-Kidnapped-Vehicle-Project-master/ide_profiles/xcode/CMakeFiles/CMakeTmp/CMAKE_TRY_COMPILE.build/Debug/cmTryCompileExec3520931687.build/Objects-normal/x86_64/CMakeCXXCompilerABI.dia -c /usr/local/share/cmake-3.0/Modules/CMakeCXXCompilerABI.cpp -o /Users/kevinlu/Documents/Learning/Udacity-Self-Driving-CarND/Part\ 2/CarND-Kidnapped-Vehicle-Project-master/ide_profiles/xcode/CMakeFiles/CMakeTmp/CMAKE_TRY_COMPILE.build/Debug/cmTryCompileExec3520931687.build/Objects-normal/x86_64/CMakeCXXCompilerABI.o]
  ignore line: []
  ignore line: [Ld Debug/cmTryCompileExec3520931687 normal x86_64]
  ignore line: [    cd "/Users/kevinlu/Documents/Learning/Udacity-Self-Driving-CarND/Part 2/CarND-Kidnapped-Vehicle-Project-master/ide_profiles/xcode/CMakeFiles/CMakeTmp"]
  ignore line: [    export MACOSX_DEPLOYMENT_TARGET=10.12]
  ignore line: [    /Applications/Xcode.app/Contents/Developer/Toolchains/XcodeDefault.xctoolchain/usr/bin/clang++ -arch x86_64 -isysroot /Applications/Xcode.app/Contents/Developer/Platforms/MacOSX.platform/Developer/SDKs/MacOSX10.12.sdk -L/Users/kevinlu/Documents/Learning/Udacity-Self-Driving-CarND/Part\ 2/CarND-Kidnapped-Vehicle-Project-master/ide_profiles/xcode/CMakeFiles/CMakeTmp/Debug -F/Users/kevinlu/Documents/Learning/Udacity-Self-Driving-CarND/Part\ 2/CarND-Kidnapped-Vehicle-Project-master/ide_profiles/xcode/CMakeFiles/CMakeTmp/Debug -filelist /Users/kevinlu/Documents/Learning/Udacity-Self-Driving-CarND/Part\ 2/CarND-Kidnapped-Vehicle-Project-master/ide_profiles/xcode/CMakeFiles/CMakeTmp/CMAKE_TRY_COMPILE.build/Debug/cmTryCompileExec3520931687.build/Objects-normal/x86_64/cmTryCompileExec3520931687.LinkFileList -mmacosx-version-min=10.12 -Xlinker -no_deduplicate -v -Wl,-v -Wl,-search_paths_first -Wl,-headerpad_max_install_names -Xlinker -dependency_info -Xlinker /Users/kevinlu/Documents/Learning/Udacity-Self-Driving-CarND/Part\ 2/CarND-Kidnapped-Vehicle-Project-master/ide_profiles/xcode/CMakeFiles/CMakeTmp/CMAKE_TRY_COMPILE.build/Debug/cmTryCompileExec3520931687.build/Objects-normal/x86_64/cmTryCompileExec3520931687_dependency_info.dat -o /Users/kevinlu/Documents/Learning/Udacity-Self-Driving-CarND/Part\ 2/CarND-Kidnapped-Vehicle-Project-master/ide_profiles/xcode/CMakeFiles/CMakeTmp/Debug/cmTryCompileExec3520931687]
  ignore line: [Apple LLVM version 8.1.0 (clang-802.0.42)]
  ignore line: [Target: x86_64-apple-darwin16.5.0]
  ignore line: [Thread model: posix]
  ignore line: [InstalledDir: /Applications/Xcode.app/Contents/Developer/Toolchains/XcodeDefault.xctoolchain/usr/bin]
  reduced line: [ "/Applications/Xcode.app/Contents/Developer/Toolchains/XcodeDefault.xctoolchain/usr/bin/ld" -demangle -lto_library /Applications/Xcode.app/Contents/Developer/Toolchains/XcodeDefault.xctoolchain/usr/lib/libLTO.dylib -dynamic -arch x86_64 -macosx_version_min 10.12.0 -syslibroot /Applications/Xcode.app/Contents/Developer/Platforms/MacOSX.platform/Developer/SDKs/MacOSX10.12.sdk -o /Users/kevinlu/Documents/Learning/Udacity-Self-Driving-CarND/Part 2/CarND-Kidnapped-Vehicle-Project-master/ide_profiles/xcode/CMakeFiles/CMakeTmp/Debug/cmTryCompileExec3520931687 -L/Users/kevinlu/Documents/Learning/Udacity-Self-Driving-CarND/Part 2/CarND-Kidnapped-Vehicle-Project-master/ide_profiles/xcode/CMakeFiles/CMakeTmp/Debug -filelist /Users/kevinlu/Documents/Learning/Udacity-Self-Driving-CarND/Part 2/CarND-Kidnapped-Vehicle-Project-master/ide_profiles/xcode/CMakeFiles/CMakeTmp/CMAKE_TRY_COMPILE.build/Debug/cmTryCompileExec3520931687.build/Objects-normal/x86_64/cmTryCompileExec3520931687.LinkFileList -no_deduplicate -v -search_paths_first -headerpad_max_install_names -dependency_info /Users/kevinlu/Documents/Learning/Udacity-Self-Driving-CarND/Part 2/CarND-Kidnapped-Vehicle-Project-master/ide_profiles/xcode/CMakeFiles/CMakeTmp/CMAKE_TRY_COMPILE.build/Debug/cmTryCompileExec3520931687.build/Objects-normal/x86_64/cmTryCompileExec3520931687_dependency_info.dat -lc++ -lSystem /Applications/Xcode.app/Contents/Developer/Toolchains/XcodeDefault.xctoolchain/usr/bin/../lib/clang/8.1.0/lib/darwin/libclang_rt.osx.a -F/Users/kevinlu/Documents/Learning/Udacity-Self-Driving-CarND/Part 2/CarND-Kidnapped-Vehicle-Project-master/ide_profiles/xcode/CMakeFiles/CMakeTmp/Debug]
            to: [ "/Applications/Xcode.app/Contents/Developer/Toolchains/XcodeDefault.xctoolchain/usr/bin/ld" -demangle -lto_library /Applications/Xcode.app/Contents/Developer/Toolchains/XcodeDefault.xctoolchain/usr/lib/libLTO.dylib -dynamic -arch x86_64 -macosx_version_min 10.12.0 -syslibroot /Applications/Xcode.app/Contents/Developer/Platforms/MacOSX.platform/Developer/SDKs/MacOSX10.12.sdk -o /Users/kevinlu/Documents/Learning/Udacity-Self-Driving-CarND/Part 2/CarND-Kidnapped-Vehicle-Project-master/ide_profiles/xcode/CMakeFiles/CMakeTmp/Debug/cmTryCompileExec3520931687 -filelist /Users/kevinlu/Documents/Learning/Udacity-Self-Driving-CarND/Part 2/CarND-Kidnapped-Vehicle-Project-master/ide_profiles/xcode/CMakeFiles/CMakeTmp/CMAKE_TRY_COMPILE.build/Debug/cmTryCompileExec3520931687.build/Objects-normal/x86_64/cmTryCompileExec3520931687.LinkFileList -no_deduplicate -v -search_paths_first -headerpad_max_install_names -dependency_info /Users/kevinlu/Documents/Learning/Udacity-Self-Driving-CarND/Part 2/CarND-Kidnapped-Vehicle-Project-master/ide_profiles/xcode/CMakeFiles/CMakeTmp/CMAKE_TRY_COMPILE.build/Debug/cmTryCompileExec3520931687.build/Objects-normal/x86_64/cmTryCompileExec3520931687_dependency_info.dat -lc++ -lSystem /Applications/Xcode.app/Contents/Developer/Toolchains/XcodeDefault.xctoolchain/usr/bin/../lib/clang/8.1.0/lib/darwin/libclang_rt.osx.a ]
  link line: [ "/Applications/Xcode.app/Contents/Developer/Toolchains/XcodeDefault.xctoolchain/usr/bin/ld" -demangle -lto_library /Applications/Xcode.app/Contents/Developer/Toolchains/XcodeDefault.xctoolchain/usr/lib/libLTO.dylib -dynamic -arch x86_64 -macosx_version_min 10.12.0 -syslibroot /Applications/Xcode.app/Contents/Developer/Platforms/MacOSX.platform/Developer/SDKs/MacOSX10.12.sdk -o /Users/kevinlu/Documents/Learning/Udacity-Self-Driving-CarND/Part 2/CarND-Kidnapped-Vehicle-Project-master/ide_profiles/xcode/CMakeFiles/CMakeTmp/Debug/cmTryCompileExec3520931687 -filelist /Users/kevinlu/Documents/Learning/Udacity-Self-Driving-CarND/Part 2/CarND-Kidnapped-Vehicle-Project-master/ide_profiles/xcode/CMakeFiles/CMakeTmp/CMAKE_TRY_COMPILE.build/Debug/cmTryCompileExec3520931687.build/Objects-normal/x86_64/cmTryCompileExec3520931687.LinkFileList -no_deduplicate -v -search_paths_first -headerpad_max_install_names -dependency_info /Users/kevinlu/Documents/Learning/Udacity-Self-Driving-CarND/Part 2/CarND-Kidnapped-Vehicle-Project-master/ide_profiles/xcode/CMakeFiles/CMakeTmp/CMAKE_TRY_COMPILE.build/Debug/cmTryCompileExec3520931687.build/Objects-normal/x86_64/cmTryCompileExec3520931687_dependency_info.dat -lc++ -lSystem /Applications/Xcode.app/Contents/Developer/Toolchains/XcodeDefault.xctoolchain/usr/bin/../lib/clang/8.1.0/lib/darwin/libclang_rt.osx.a ]
    arg [/Applications/Xcode.app/Contents/Developer/Toolchains/XcodeDefault.xctoolchain/usr/bin/ld] ==> ignore
    arg [-demangle] ==> ignore
    arg [-lto_library] ==> lib [to_library]
    arg [/Applications/Xcode.app/Contents/Developer/Toolchains/XcodeDefault.xctoolchain/usr/lib/libLTO.dylib] ==> ignore
    arg [-dynamic] ==> ignore
    arg [-arch] ==> ignore
    arg [x86_64] ==> ignore
    arg [-macosx_version_min] ==> ignore
    arg [10.12.0] ==> ignore
    arg [-syslibroot] ==> ignore
    arg [/Applications/Xcode.app/Contents/Developer/Platforms/MacOSX.platform/Developer/SDKs/MacOSX10.12.sdk] ==> ignore
    arg [-o] ==> ignore
    arg [/Users/kevinlu/Documents/Learning/Udacity-Self-Driving-CarND/Part] ==> ignore
    arg [2/CarND-Kidnapped-Vehicle-Project-master/ide_profiles/xcode/CMakeFiles/CMakeTmp/Debug/cmTryCompileExec3520931687] ==> ignore
    arg [-filelist] ==> ignore
    arg [/Users/kevinlu/Documents/Learning/Udacity-Self-Driving-CarND/Part] ==> ignore
    arg [2/CarND-Kidnapped-Vehicle-Project-master/ide_profiles/xcode/CMakeFiles/CMakeTmp/CMAKE_TRY_COMPILE.build/Debug/cmTryCompileExec3520931687.build/Objects-normal/x86_64/cmTryCompileExec3520931687.LinkFileList] ==> ignore
    arg [-no_deduplicate] ==> ignore
    arg [-v] ==> ignore
    arg [-search_paths_first] ==> ignore
    arg [-headerpad_max_install_names] ==> ignore
    arg [-dependency_info] ==> ignore
    arg [/Users/kevinlu/Documents/Learning/Udacity-Self-Driving-CarND/Part] ==> ignore
    arg [2/CarND-Kidnapped-Vehicle-Project-master/ide_profiles/xcode/CMakeFiles/CMakeTmp/CMAKE_TRY_COMPILE.build/Debug/cmTryCompileExec3520931687.build/Objects-normal/x86_64/cmTryCompileExec3520931687_dependency_info.dat] ==> ignore
    arg [-lc++] ==> lib [c++]
    arg [-lSystem] ==> lib [System]
    arg [/Applications/Xcode.app/Contents/Developer/Toolchains/XcodeDefault.xctoolchain/usr/bin/../lib/clang/8.1.0/lib/darwin/libclang_rt.osx.a] ==> lib [/Applications/Xcode.app/Contents/Developer/Toolchains/XcodeDefault.xctoolchain/usr/bin/../lib/clang/8.1.0/lib/darwin/libclang_rt.osx.a]
  Library search paths: [;/Users/kevinlu/Documents/Learning/Udacity-Self-Driving-CarND/Part 2/CarND-Kidnapped-Vehicle-Project-master/ide_profiles/xcode/CMakeFiles/CMakeTmp/Debug;/Applications/Xcode.app/Contents/Developer/Platforms/MacOSX.platform/Developer/SDKs/MacOSX10.12.sdk/usr/lib]
  Framework search paths: [;/Users/kevinlu/Documents/Learning/Udacity-Self-Driving-CarND/Part 2/CarND-Kidnapped-Vehicle-Project-master/ide_profiles/xcode/CMakeFiles/CMakeTmp/Debug;/Applications/Xcode.app/Contents/Developer/Platforms/MacOSX.platform/Developer/SDKs/MacOSX10.12.sdk/System/Library/Frameworks/]
  remove lib [System]
  collapse lib [/Applications/Xcode.app/Contents/Developer/Toolchains/XcodeDefault.xctoolchain/usr/bin/../lib/clang/8.1.0/lib/darwin/libclang_rt.osx.a] ==> [/Applications/Xcode.app/Contents/Developer/Toolchains/XcodeDefault.xctoolchain/usr/lib/clang/8.1.0/lib/darwin/libclang_rt.osx.a]
  collapse library dir [/Users/kevinlu/Documents/Learning/Udacity-Self-Driving-CarND/Part 2/CarND-Kidnapped-Vehicle-Project-master/ide_profiles/xcode/CMakeFiles/CMakeTmp/Debug] ==> [/Users/kevinlu/Documents/Learning/Udacity-Self-Driving-CarND/Part 2/CarND-Kidnapped-Vehicle-Project-master/ide_profiles/xcode/CMakeFiles/CMakeTmp/Debug], skipping non-system directory
  collapse library dir [/Applications/Xcode.app/Contents/Developer/Platforms/MacOSX.platform/Developer/SDKs/MacOSX10.12.sdk/usr/lib] ==> [/Applications/Xcode.app/Contents/Developer/Platforms/MacOSX.platform/Developer/SDKs/MacOSX10.12.sdk/usr/lib]
  collapse framework dir [/Users/kevinlu/Documents/Learning/Udacity-Self-Driving-CarND/Part 2/CarND-Kidnapped-Vehicle-Project-master/ide_profiles/xcode/CMakeFiles/CMakeTmp/Debug] ==> [/Users/kevinlu/Documents/Learning/Udacity-Self-Driving-CarND/Part 2/CarND-Kidnapped-Vehicle-Project-master/ide_profiles/xcode/CMakeFiles/CMakeTmp/Debug], skipping non-system directory
  collapse framework dir [/Applications/Xcode.app/Contents/Developer/Platforms/MacOSX.platform/Developer/SDKs/MacOSX10.12.sdk/System/Library/Frameworks/] ==> [/Applications/Xcode.app/Contents/Developer/Platforms/MacOSX.platform/Developer/SDKs/MacOSX10.12.sdk/System/Library/Frameworks]
  implicit libs: [to_library;c++;/Applications/Xcode.app/Contents/Developer/Toolchains/XcodeDefault.xctoolchain/usr/lib/clang/8.1.0/lib/darwin/libclang_rt.osx.a]
  implicit dirs: [/Applications/Xcode.app/Contents/Developer/Platforms/MacOSX.platform/Developer/SDKs/MacOSX10.12.sdk/usr/lib]
  implicit fwks: [/Applications/Xcode.app/Contents/Developer/Platforms/MacOSX.platform/Developer/SDKs/MacOSX10.12.sdk/System/Library/Frameworks]


